Epoch: 1 TRAIN Loss: 0.72786, accuracy: 55.215, precision: 47.505, recall: 50.000 F1: 48.720, AUC: 0.545
Epoch: 1 VALID Loss: 0.71864, accuracy: 47.020, precision: 58.824, recall: 12.048 F1: 20.000, AUC: 0.509

Epoch: 2 TRAIN Loss: 0.64196, accuracy: 62.003, precision: 58.209, recall: 37.938 F1: 45.936, AUC: 0.589
Epoch: 2 VALID Loss: 0.79682, accuracy: 47.020, precision: 71.429, recall: 6.024 F1: 11.111, AUC: 0.515

Epoch: 3 TRAIN Loss: 0.62478, accuracy: 64.156, precision: 57.803, recall: 58.366 F1: 58.083, AUC: 0.634
Epoch: 3 VALID Loss: 0.72041, accuracy: 52.980, precision: 68.750, recall: 26.506 F1: 38.261, AUC: 0.559

Epoch: 4 TRAIN Loss: 0.57749, accuracy: 68.626, precision: 65.306, recall: 56.031 F1: 60.314, AUC: 0.670
Epoch: 4 VALID Loss: 0.75103, accuracy: 50.993, precision: 62.162, recall: 27.711 F1: 38.333, AUC: 0.536

epochs_no_improve: 1/50

Epoch: 5 TRAIN Loss: 0.56382, accuracy: 71.689, precision: 67.917, recall: 63.424 F1: 65.594, AUC: 0.706
Epoch: 5 VALID Loss: 0.71375, accuracy: 57.616, precision: 58.261, recall: 80.723 F1: 67.677, AUC: 0.551

epochs_no_improve: 2/50

Epoch: 6 TRAIN Loss: 0.53378, accuracy: 74.338, precision: 68.412, recall: 73.735 F1: 70.974, AUC: 0.743
Epoch: 6 VALID Loss: 0.95069, accuracy: 52.318, precision: 73.913, recall: 20.482 F1: 32.075, AUC: 0.558

epochs_no_improve: 3/50

Epoch: 7 TRAIN Loss: 0.52894, accuracy: 75.497, precision: 71.124, recall: 71.401 F1: 71.262, AUC: 0.750
Epoch: 7 VALID Loss: 0.75237, accuracy: 59.603, precision: 64.474, recall: 59.036 F1: 61.635, AUC: 0.597

Epoch: 8 TRAIN Loss: 0.52487, accuracy: 74.917, precision: 73.392, recall: 64.397 F1: 68.601, AUC: 0.736
Epoch: 8 VALID Loss: 0.86630, accuracy: 53.642, precision: 74.074, recall: 24.096 F1: 36.364, AUC: 0.569

epochs_no_improve: 1/50

Epoch: 9 TRAIN Loss: 0.48714, accuracy: 78.228, precision: 73.724, recall: 75.875 F1: 74.784, AUC: 0.779
Epoch: 9 VALID Loss: 0.78356, accuracy: 56.291, precision: 70.732, recall: 34.940 F1: 46.774, AUC: 0.586

epochs_no_improve: 2/50

Epoch: 10 TRAIN Loss: 0.45461, accuracy: 80.050, precision: 75.419, recall: 78.794 F1: 77.069, AUC: 0.799
Epoch: 10 VALID Loss: 0.79917, accuracy: 62.252, precision: 79.545, recall: 42.169 F1: 55.118, AUC: 0.645

Epoch: 11 TRAIN Loss: 0.46814, accuracy: 80.050, precision: 76.301, recall: 77.043 F1: 76.670, AUC: 0.797
Epoch: 11 VALID Loss: 0.94596, accuracy: 54.967, precision: 82.609, recall: 22.892 F1: 35.849, AUC: 0.585

epochs_no_improve: 1/50

Epoch: 12 TRAIN Loss: 0.44717, accuracy: 79.470, precision: 75.875, recall: 75.875 F1: 75.875, AUC: 0.790
Epoch: 12 VALID Loss: 0.75503, accuracy: 60.927, precision: 70.000, recall: 50.602 F1: 58.741, AUC: 0.621

epochs_no_improve: 2/50

Epoch: 13 TRAIN Loss: 0.44275, accuracy: 81.623, precision: 77.037, recall: 80.934 F1: 78.937, AUC: 0.815
Epoch: 13 VALID Loss: 0.78646, accuracy: 59.603, precision: 67.742, recall: 50.602 F1: 57.931, AUC: 0.606

epochs_no_improve: 3/50

Epoch: 14 TRAIN Loss: 0.43988, accuracy: 80.132, precision: 76.448, recall: 77.043 F1: 76.744, AUC: 0.797
Epoch: 14 VALID Loss: 0.68935, accuracy: 59.603, precision: 63.415, recall: 62.651 F1: 63.030, AUC: 0.593

epochs_no_improve: 4/50

Epoch: 15 TRAIN Loss: 0.53280, accuracy: 74.669, precision: 70.392, recall: 69.844 F1: 70.117, AUC: 0.740
Epoch: 15 VALID Loss: 0.79214, accuracy: 63.576, precision: 62.281, recall: 85.542 F1: 72.081, AUC: 0.612

epochs_no_improve: 5/50

Epoch: 16 TRAIN Loss: 0.54744, accuracy: 74.338, precision: 71.339, recall: 66.342 F1: 68.750, AUC: 0.733
Epoch: 16 VALID Loss: 0.68934, accuracy: 64.238, precision: 67.901, recall: 66.265 F1: 67.073, AUC: 0.640

epochs_no_improve: 6/50

Epoch: 17 TRAIN Loss: 0.42314, accuracy: 82.202, precision: 78.368, recall: 80.350 F1: 79.347, AUC: 0.820
Epoch: 17 VALID Loss: 0.85142, accuracy: 59.603, precision: 72.917, recall: 42.169 F1: 53.435, AUC: 0.615

epochs_no_improve: 7/50

Epoch: 18 TRAIN Loss: 0.40565, accuracy: 81.705, precision: 77.799, recall: 79.767 F1: 78.770, AUC: 0.815
Epoch: 18 VALID Loss: 0.68100, accuracy: 63.576, precision: 64.894, recall: 73.494 F1: 68.927, AUC: 0.625

epochs_no_improve: 8/50

Epoch: 19 TRAIN Loss: 0.39761, accuracy: 82.285, precision: 78.090, recall: 81.128 F1: 79.580, AUC: 0.821
Epoch: 19 VALID Loss: 0.71333, accuracy: 60.927, precision: 63.953, recall: 66.265 F1: 65.089, AUC: 0.603

epochs_no_improve: 9/50

Epoch: 20 TRAIN Loss: 0.39402, accuracy: 83.444, precision: 77.448, recall: 86.187 F1: 81.584, AUC: 0.838
Epoch: 20 VALID Loss: 1.07212, accuracy: 50.993, precision: 73.684, recall: 16.867 F1: 27.451, AUC: 0.548

epochs_no_improve: 10/50

Epoch: 21 TRAIN Loss: 0.43819, accuracy: 79.884, precision: 76.832, recall: 75.486 F1: 76.153, AUC: 0.793
Epoch: 21 VALID Loss: 0.69889, accuracy: 61.589, precision: 65.823, recall: 62.651 F1: 64.198, AUC: 0.615

epochs_no_improve: 11/50

Epoch: 22 TRAIN Loss: 0.34703, accuracy: 84.685, precision: 80.519, recall: 84.436 F1: 82.431, AUC: 0.847
Epoch: 22 VALID Loss: 0.70918, accuracy: 62.252, precision: 68.056, recall: 59.036 F1: 63.226, AUC: 0.626

epochs_no_improve: 12/50

Epoch: 23 TRAIN Loss: 0.34032, accuracy: 85.099, precision: 81.157, recall: 84.630 F1: 82.857, AUC: 0.850
Epoch: 23 VALID Loss: 0.71107, accuracy: 62.252, precision: 67.568, recall: 60.241 F1: 63.694, AUC: 0.625

epochs_no_improve: 13/50

Epoch: 24 TRAIN Loss: 0.33953, accuracy: 85.596, precision: 81.481, recall: 85.603 F1: 83.491, AUC: 0.856
Epoch: 24 VALID Loss: 0.72424, accuracy: 61.589, precision: 68.116, recall: 56.627 F1: 61.842, AUC: 0.621

epochs_no_improve: 14/50

Epoch: 25 TRAIN Loss: 0.33455, accuracy: 85.182, precision: 81.544, recall: 84.241 F1: 82.871, AUC: 0.851
Epoch: 25 VALID Loss: 0.71834, accuracy: 61.589, precision: 68.116, recall: 56.627 F1: 61.842, AUC: 0.621

epochs_no_improve: 15/50

Epoch: 26 TRAIN Loss: 0.33758, accuracy: 85.430, precision: 82.625, recall: 83.268 F1: 82.946, AUC: 0.852
Epoch: 26 VALID Loss: 0.70083, accuracy: 62.252, precision: 65.854, recall: 65.060 F1: 65.455, AUC: 0.619

epochs_no_improve: 16/50

Epoch: 27 TRAIN Loss: 0.33311, accuracy: 85.844, precision: 82.176, recall: 85.214 F1: 83.668, AUC: 0.858
Epoch: 27 VALID Loss: 0.71114, accuracy: 60.927, precision: 65.000, recall: 62.651 F1: 63.804, AUC: 0.607

epochs_no_improve: 17/50

Epoch: 28 TRAIN Loss: 0.33089, accuracy: 85.513, precision: 81.447, recall: 85.409 F1: 83.381, AUC: 0.855
Epoch: 28 VALID Loss: 0.71654, accuracy: 62.914, precision: 67.089, recall: 63.855 F1: 65.432, AUC: 0.628

epochs_no_improve: 18/50

Epoch: 29 TRAIN Loss: 0.33121, accuracy: 85.430, precision: 82.008, recall: 84.241 F1: 83.109, AUC: 0.853
Epoch: 29 VALID Loss: 0.74189, accuracy: 60.265, precision: 66.197, recall: 56.627 F1: 61.039, AUC: 0.607

epochs_no_improve: 19/50

Epoch: 30 TRAIN Loss: 0.33307, accuracy: 85.596, precision: 82.197, recall: 84.436 F1: 83.301, AUC: 0.854
Epoch: 30 VALID Loss: 0.79050, accuracy: 61.589, precision: 71.186, recall: 50.602 F1: 59.155, AUC: 0.628

epochs_no_improve: 20/50

Epoch: 31 TRAIN Loss: 0.33063, accuracy: 86.341, precision: 81.216, recall: 88.327 F1: 84.623, AUC: 0.866
Epoch: 31 VALID Loss: 0.83235, accuracy: 60.927, precision: 74.000, recall: 44.578 F1: 55.639, AUC: 0.627

epochs_no_improve: 21/50

Epoch: 32 TRAIN Loss: 0.34683, accuracy: 84.354, precision: 84.067, recall: 78.016 F1: 80.928, AUC: 0.835
Epoch: 32 VALID Loss: 0.73636, accuracy: 60.265, precision: 66.197, recall: 56.627 F1: 61.039, AUC: 0.607

epochs_no_improve: 22/50

Epoch: 33 TRAIN Loss: 0.32258, accuracy: 85.265, precision: 81.939, recall: 83.852 F1: 82.885, AUC: 0.851
Epoch: 33 VALID Loss: 0.74993, accuracy: 60.927, precision: 68.182, recall: 54.217 F1: 60.403, AUC: 0.617

epochs_no_improve: 23/50

Epoch: 34 TRAIN Loss: 0.32147, accuracy: 85.430, precision: 81.887, recall: 84.436 F1: 83.142, AUC: 0.853
Epoch: 34 VALID Loss: 0.73986, accuracy: 60.927, precision: 67.143, recall: 56.627 F1: 61.438, AUC: 0.614

epochs_no_improve: 24/50

Epoch: 35 TRAIN Loss: 0.32143, accuracy: 85.596, precision: 81.599, recall: 85.409 F1: 83.460, AUC: 0.856
Epoch: 35 VALID Loss: 0.73679, accuracy: 60.927, precision: 66.667, recall: 57.831 F1: 61.935, AUC: 0.613

epochs_no_improve: 25/50

Epoch: 36 TRAIN Loss: 0.32130, accuracy: 86.010, precision: 81.536, recall: 86.770 F1: 84.072, AUC: 0.861
Epoch: 36 VALID Loss: 0.73685, accuracy: 60.927, precision: 66.667, recall: 57.831 F1: 61.935, AUC: 0.613

epochs_no_improve: 26/50

Epoch: 37 TRAIN Loss: 0.32110, accuracy: 85.844, precision: 81.937, recall: 85.603 F1: 83.730, AUC: 0.858
Epoch: 37 VALID Loss: 0.74365, accuracy: 62.252, precision: 69.118, recall: 56.627 F1: 62.252, AUC: 0.629

epochs_no_improve: 27/50

Epoch: 38 TRAIN Loss: 0.32077, accuracy: 85.927, precision: 81.970, recall: 85.798 F1: 83.840, AUC: 0.859
Epoch: 38 VALID Loss: 0.73956, accuracy: 61.589, precision: 67.606, recall: 57.831 F1: 62.338, AUC: 0.620

epochs_no_improve: 28/50

Epoch: 39 TRAIN Loss: 0.32070, accuracy: 86.093, precision: 81.685, recall: 86.770 F1: 84.151, AUC: 0.862
Epoch: 39 VALID Loss: 0.74033, accuracy: 61.589, precision: 68.116, recall: 56.627 F1: 61.842, AUC: 0.621

epochs_no_improve: 29/50

Epoch: 40 TRAIN Loss: 0.32066, accuracy: 85.513, precision: 81.921, recall: 84.630 F1: 83.254, AUC: 0.854
Epoch: 40 VALID Loss: 0.74184, accuracy: 62.252, precision: 68.571, recall: 57.831 F1: 62.745, AUC: 0.627

epochs_no_improve: 30/50

Epoch: 41 TRAIN Loss: 0.32024, accuracy: 86.010, precision: 81.768, recall: 86.381 F1: 84.011, AUC: 0.861
Epoch: 41 VALID Loss: 0.74167, accuracy: 61.589, precision: 67.606, recall: 57.831 F1: 62.338, AUC: 0.620

epochs_no_improve: 31/50

Epoch: 42 TRAIN Loss: 0.32024, accuracy: 86.010, precision: 81.885, recall: 86.187 F1: 83.981, AUC: 0.860
Epoch: 42 VALID Loss: 0.74453, accuracy: 62.914, precision: 69.565, recall: 57.831 F1: 63.158, AUC: 0.635

epochs_no_improve: 32/50

Epoch: 43 TRAIN Loss: 0.32195, accuracy: 85.762, precision: 83.140, recall: 83.463 F1: 83.301, AUC: 0.855
Epoch: 43 VALID Loss: 0.75311, accuracy: 61.589, precision: 69.231, recall: 54.217 F1: 60.811, AUC: 0.624

epochs_no_improve: 33/50

Epoch: 44 TRAIN Loss: 0.32005, accuracy: 86.175, precision: 82.189, recall: 86.187 F1: 84.141, AUC: 0.862
Epoch: 44 VALID Loss: 0.73621, accuracy: 60.265, precision: 65.753, recall: 57.831 F1: 61.538, AUC: 0.605

epochs_no_improve: 34/50

Epoch: 45 TRAIN Loss: 0.31929, accuracy: 86.175, precision: 82.309, recall: 85.992 F1: 84.110, AUC: 0.862
Epoch: 45 VALID Loss: 0.74253, accuracy: 62.252, precision: 68.571, recall: 57.831 F1: 62.745, AUC: 0.627

epochs_no_improve: 35/50

Epoch: 46 TRAIN Loss: 0.31939, accuracy: 86.093, precision: 82.037, recall: 86.187 F1: 84.061, AUC: 0.861
Epoch: 46 VALID Loss: 0.74311, accuracy: 62.252, precision: 68.571, recall: 57.831 F1: 62.745, AUC: 0.627

epochs_no_improve: 36/50

Epoch: 47 TRAIN Loss: 0.31897, accuracy: 86.093, precision: 82.156, recall: 85.992 F1: 84.030, AUC: 0.861
Epoch: 47 VALID Loss: 0.73350, accuracy: 60.265, precision: 65.333, recall: 59.036 F1: 62.025, AUC: 0.604

epochs_no_improve: 37/50

Epoch: 48 TRAIN Loss: 0.31954, accuracy: 86.093, precision: 81.341, recall: 87.354 F1: 84.240, AUC: 0.863
Epoch: 48 VALID Loss: 0.73824, accuracy: 61.589, precision: 67.123, recall: 59.036 F1: 62.821, AUC: 0.619

epochs_no_improve: 38/50

Epoch: 49 TRAIN Loss: 0.31933, accuracy: 86.175, precision: 82.798, recall: 85.214 F1: 83.988, AUC: 0.861
Epoch: 49 VALID Loss: 0.75229, accuracy: 62.914, precision: 70.149, recall: 56.627 F1: 62.667, AUC: 0.636

epochs_no_improve: 39/50

Epoch: 50 TRAIN Loss: 0.31947, accuracy: 86.424, precision: 83.525, recall: 84.825 F1: 84.170, AUC: 0.862
Epoch: 50 VALID Loss: 0.74567, accuracy: 62.914, precision: 69.565, recall: 57.831 F1: 63.158, AUC: 0.635

epochs_no_improve: 40/50

Epoch: 51 TRAIN Loss: 0.31869, accuracy: 86.093, precision: 82.519, recall: 85.409 F1: 83.939, AUC: 0.860
Epoch: 51 VALID Loss: 0.74643, accuracy: 62.914, precision: 69.565, recall: 57.831 F1: 63.158, AUC: 0.635

epochs_no_improve: 41/50

Epoch: 52 TRAIN Loss: 0.31860, accuracy: 86.258, precision: 82.222, recall: 86.381 F1: 84.250, AUC: 0.863
Epoch: 52 VALID Loss: 0.74107, accuracy: 60.927, precision: 66.667, recall: 57.831 F1: 61.935, AUC: 0.613

epochs_no_improve: 42/50

Epoch: 53 TRAIN Loss: 0.31817, accuracy: 86.175, precision: 82.309, recall: 85.992 F1: 84.110, AUC: 0.862
Epoch: 53 VALID Loss: 0.74882, accuracy: 62.914, precision: 69.565, recall: 57.831 F1: 63.158, AUC: 0.635

epochs_no_improve: 43/50

Epoch: 54 TRAIN Loss: 0.31810, accuracy: 86.093, precision: 82.276, recall: 85.798 F1: 84.000, AUC: 0.861
Epoch: 54 VALID Loss: 0.73929, accuracy: 60.927, precision: 66.216, recall: 59.036 F1: 62.420, AUC: 0.611

epochs_no_improve: 44/50

Epoch: 55 TRAIN Loss: 0.31807, accuracy: 86.258, precision: 81.868, recall: 86.965 F1: 84.340, AUC: 0.863
Epoch: 55 VALID Loss: 0.73993, accuracy: 61.589, precision: 67.123, recall: 59.036 F1: 62.821, AUC: 0.619

epochs_no_improve: 45/50

Epoch: 56 TRAIN Loss: 0.31761, accuracy: 86.175, precision: 82.189, recall: 86.187 F1: 84.141, AUC: 0.862
Epoch: 56 VALID Loss: 0.74865, accuracy: 62.914, precision: 69.565, recall: 57.831 F1: 63.158, AUC: 0.635

epochs_no_improve: 46/50

Epoch: 57 TRAIN Loss: 0.31783, accuracy: 85.927, precision: 82.331, recall: 85.214 F1: 83.748, AUC: 0.858
Epoch: 57 VALID Loss: 0.75257, accuracy: 62.914, precision: 69.565, recall: 57.831 F1: 63.158, AUC: 0.635

epochs_no_improve: 47/50

Epoch: 58 TRAIN Loss: 0.31786, accuracy: 86.341, precision: 83.112, recall: 85.214 F1: 84.150, AUC: 0.862
Epoch: 58 VALID Loss: 0.74961, accuracy: 62.252, precision: 68.571, recall: 57.831 F1: 62.745, AUC: 0.627

epochs_no_improve: 48/50

Epoch: 59 TRAIN Loss: 0.31776, accuracy: 86.424, precision: 82.528, recall: 86.381 F1: 84.411, AUC: 0.864
Epoch: 59 VALID Loss: 0.73846, accuracy: 60.265, precision: 65.333, recall: 59.036 F1: 62.025, AUC: 0.604

epochs_no_improve: 49/50

Epoch: 60 TRAIN Loss: 0.31758, accuracy: 86.341, precision: 82.255, recall: 86.576 F1: 84.360, AUC: 0.864
Epoch: 60 VALID Loss: 0.73823, accuracy: 60.265, precision: 65.333, recall: 59.036 F1: 62.025, AUC: 0.604

epochs_no_improve: 50/50

Early stopping!
Save model from last epoch

BEST
TEST - Loss: 0.91880, accuracy: 62.667, precision: 88.636, recall: 43.333 F1: 58.209, AUC: 0.675
mean and std over 1 runs
mean: 62.667, std: 0.000 - accuracy [62.66666667]
mean: 88.636, std: 0.000 - precision [88.63636364]
mean: 43.333, std: 0.000 - recall [43.33333333]
mean: 58.209, std: 0.000 - F1 [58.20895522]
mean: 0.675, std: 0.000 - AUC [0.675]

DELETE: ../experiments/BACE/default/repeat_1/default_best.pt

LAST
TEST - Loss: 0.71983, accuracy: 70.667, precision: 87.097, recall: 60.000 F1: 71.053, AUC: 0.733
mean and std over 1 runs
mean: 70.667, std: 0.000 - accuracy [70.66666667]
mean: 87.097, std: 0.000 - precision [87.09677419]
mean: 60.000, std: 0.000 - recall [60.]
mean: 71.053, std: 0.000 - F1 [71.05263158]
mean: 0.733, std: 0.000 - AUC [0.73333333]

DELETE: ../experiments/BACE/default/repeat_1/default_last.pt
