Epoch: 1 TRAIN Loss: 0.40923, accuracy: 84.488, precision: 85.325, recall: 97.987 F1: 91.218, AUC: 0.600
Epoch: 1 VALID Loss: 0.45260, accuracy: 76.961, precision: 71.242, recall: 97.321 F1: 82.264, AUC: 0.747

Epoch: 2 TRAIN Loss: 0.34135, accuracy: 86.879, precision: 88.412, recall: 96.719 F1: 92.379, AUC: 0.690
Epoch: 2 VALID Loss: 0.31837, accuracy: 87.745, precision: 91.429, recall: 85.714 F1: 88.479, AUC: 0.880

Epoch: 3 TRAIN Loss: 0.33794, accuracy: 87.186, precision: 90.896, recall: 93.811 F1: 92.330, AUC: 0.752
Epoch: 3 VALID Loss: 0.31938, accuracy: 91.176, precision: 89.831, recall: 94.643 F1: 92.174, AUC: 0.908

Epoch: 4 TRAIN Loss: 0.31269, accuracy: 88.105, precision: 89.689, recall: 96.644 F1: 93.037, AUC: 0.726
Epoch: 4 VALID Loss: 0.39783, accuracy: 84.314, precision: 79.412, recall: 96.429 F1: 87.097, AUC: 0.830

epochs_no_improve: 1/50

Epoch: 5 TRAIN Loss: 0.28640, accuracy: 89.516, precision: 91.024, recall: 96.793 F1: 93.820, AUC: 0.763
Epoch: 5 VALID Loss: 0.25158, accuracy: 91.176, precision: 91.228, recall: 92.857 F1: 92.035, AUC: 0.910

Epoch: 6 TRAIN Loss: 0.27141, accuracy: 89.884, precision: 91.061, recall: 97.241 F1: 94.050, AUC: 0.766
Epoch: 6 VALID Loss: 0.29808, accuracy: 90.196, precision: 87.097, recall: 96.429 F1: 91.525, AUC: 0.895

epochs_no_improve: 1/50

Epoch: 7 TRAIN Loss: 0.27165, accuracy: 90.558, precision: 91.533, recall: 97.539 F1: 94.440, AUC: 0.779
Epoch: 7 VALID Loss: 0.35679, accuracy: 88.235, precision: 82.836, recall: 99.107 F1: 90.244, AUC: 0.871

epochs_no_improve: 2/50

Epoch: 8 TRAIN Loss: 0.27450, accuracy: 90.067, precision: 91.898, recall: 96.421 F1: 94.105, AUC: 0.786
Epoch: 8 VALID Loss: 0.22515, accuracy: 91.667, precision: 93.578, recall: 91.071 F1: 92.308, AUC: 0.917

Epoch: 9 TRAIN Loss: 0.26076, accuracy: 90.497, precision: 92.662, recall: 96.048 F1: 94.324, AUC: 0.804
Epoch: 9 VALID Loss: 0.21857, accuracy: 91.667, precision: 92.035, recall: 92.857 F1: 92.444, AUC: 0.915

epochs_no_improve: 1/50

Epoch: 10 TRAIN Loss: 0.26740, accuracy: 90.129, precision: 91.785, recall: 96.644 F1: 94.152, AUC: 0.783
Epoch: 10 VALID Loss: 0.22358, accuracy: 92.647, precision: 92.174, recall: 94.643 F1: 93.392, AUC: 0.924

Epoch: 11 TRAIN Loss: 0.26348, accuracy: 90.129, precision: 92.507, recall: 95.749 F1: 94.100, AUC: 0.799
Epoch: 11 VALID Loss: 0.23571, accuracy: 92.157, precision: 92.105, recall: 93.750 F1: 92.920, AUC: 0.920

epochs_no_improve: 1/50

Epoch: 12 TRAIN Loss: 0.24209, accuracy: 90.803, precision: 92.566, recall: 96.570 F1: 94.526, AUC: 0.804
Epoch: 12 VALID Loss: 0.22336, accuracy: 91.667, precision: 92.793, recall: 91.964 F1: 92.377, AUC: 0.916

epochs_no_improve: 2/50

Epoch: 13 TRAIN Loss: 0.22653, accuracy: 91.232, precision: 92.847, recall: 96.793 F1: 94.779, AUC: 0.812
Epoch: 13 VALID Loss: 0.20083, accuracy: 92.647, precision: 92.920, recall: 93.750 F1: 93.333, AUC: 0.925

Epoch: 14 TRAIN Loss: 0.20767, accuracy: 92.029, precision: 93.158, recall: 97.465 F1: 95.262, AUC: 0.822
Epoch: 14 VALID Loss: 0.19920, accuracy: 93.627, precision: 91.597, recall: 97.321 F1: 94.372, AUC: 0.932

Epoch: 15 TRAIN Loss: 0.19638, accuracy: 92.643, precision: 93.514, recall: 97.837 F1: 95.627, AUC: 0.832
Epoch: 15 VALID Loss: 0.26033, accuracy: 92.157, precision: 89.344, recall: 97.321 F1: 93.162, AUC: 0.916

epochs_no_improve: 1/50

Epoch: 16 TRAIN Loss: 0.20423, accuracy: 92.888, precision: 94.160, recall: 97.390 F1: 95.748, AUC: 0.847
Epoch: 16 VALID Loss: 0.19657, accuracy: 92.647, precision: 91.453, recall: 95.536 F1: 93.450, AUC: 0.923

epochs_no_improve: 2/50

Epoch: 17 TRAIN Loss: 0.19964, accuracy: 92.643, precision: 93.889, recall: 97.390 F1: 95.608, AUC: 0.840
Epoch: 17 VALID Loss: 0.20682, accuracy: 93.627, precision: 90.909, recall: 98.214 F1: 94.421, AUC: 0.931

epochs_no_improve: 3/50

Epoch: 18 TRAIN Loss: 0.19137, accuracy: 92.704, precision: 94.993, recall: 96.197 F1: 95.591, AUC: 0.864
Epoch: 18 VALID Loss: 0.18912, accuracy: 92.157, precision: 92.857, recall: 92.857 F1: 92.857, AUC: 0.921

epochs_no_improve: 4/50

Epoch: 19 TRAIN Loss: 0.18024, accuracy: 93.869, precision: 94.801, recall: 97.912 F1: 96.332, AUC: 0.865
Epoch: 19 VALID Loss: 0.24603, accuracy: 90.686, precision: 87.200, recall: 97.321 F1: 91.983, AUC: 0.900

epochs_no_improve: 5/50

Epoch: 20 TRAIN Loss: 0.16111, accuracy: 93.807, precision: 95.058, recall: 97.539 F1: 96.283, AUC: 0.870
Epoch: 20 VALID Loss: 0.21385, accuracy: 92.647, precision: 91.453, recall: 95.536 F1: 93.450, AUC: 0.923

epochs_no_improve: 6/50

Epoch: 21 TRAIN Loss: 0.17972, accuracy: 93.072, precision: 94.883, recall: 96.793 F1: 95.829, AUC: 0.863
Epoch: 21 VALID Loss: 0.26382, accuracy: 92.157, precision: 89.344, recall: 97.321 F1: 93.162, AUC: 0.916

epochs_no_improve: 7/50

Epoch: 22 TRAIN Loss: 0.17763, accuracy: 93.317, precision: 95.294, recall: 96.644 F1: 95.964, AUC: 0.873
Epoch: 22 VALID Loss: 0.21488, accuracy: 92.157, precision: 90.000, recall: 96.429 F1: 93.103, AUC: 0.917

epochs_no_improve: 8/50

Epoch: 23 TRAIN Loss: 0.16171, accuracy: 93.624, precision: 94.851, recall: 97.539 F1: 96.176, AUC: 0.865
Epoch: 23 VALID Loss: 0.32469, accuracy: 89.706, precision: 84.211, recall: 100.000 F1: 91.429, AUC: 0.886

epochs_no_improve: 9/50

Epoch: 24 TRAIN Loss: 0.15306, accuracy: 94.788, precision: 95.310, recall: 98.509 F1: 96.883, AUC: 0.880
Epoch: 24 VALID Loss: 0.21526, accuracy: 93.627, precision: 90.909, recall: 98.214 F1: 94.421, AUC: 0.931

epochs_no_improve: 10/50

Epoch: 25 TRAIN Loss: 0.18070, accuracy: 93.807, precision: 95.388, recall: 97.166 F1: 96.269, AUC: 0.877
Epoch: 25 VALID Loss: 0.24067, accuracy: 90.196, precision: 93.396, recall: 88.393 F1: 90.826, AUC: 0.904

epochs_no_improve: 11/50

Epoch: 26 TRAIN Loss: 0.14592, accuracy: 94.421, precision: 96.091, recall: 97.166 F1: 96.626, AUC: 0.894
Epoch: 26 VALID Loss: 0.21961, accuracy: 91.667, precision: 89.256, recall: 96.429 F1: 92.704, AUC: 0.911

epochs_no_improve: 12/50

Epoch: 27 TRAIN Loss: 0.11450, accuracy: 96.076, precision: 96.845, recall: 98.434 F1: 97.633, AUC: 0.918
Epoch: 27 VALID Loss: 0.21996, accuracy: 92.157, precision: 90.000, recall: 96.429 F1: 93.103, AUC: 0.917

epochs_no_improve: 13/50

Epoch: 28 TRAIN Loss: 0.11335, accuracy: 95.953, precision: 96.431, recall: 98.732 F1: 97.568, AUC: 0.909
Epoch: 28 VALID Loss: 0.22156, accuracy: 91.667, precision: 89.256, recall: 96.429 F1: 92.704, AUC: 0.911

epochs_no_improve: 14/50

Epoch: 29 TRAIN Loss: 0.11004, accuracy: 96.015, precision: 96.366, recall: 98.881 F1: 97.608, AUC: 0.908
Epoch: 29 VALID Loss: 0.21151, accuracy: 92.157, precision: 90.000, recall: 96.429 F1: 93.103, AUC: 0.917

epochs_no_improve: 15/50

Epoch: 30 TRAIN Loss: 0.10570, accuracy: 96.689, precision: 97.143, recall: 98.881 F1: 98.004, AUC: 0.927
Epoch: 30 VALID Loss: 0.20015, accuracy: 92.157, precision: 90.000, recall: 96.429 F1: 93.103, AUC: 0.917

epochs_no_improve: 16/50

Epoch: 31 TRAIN Loss: 0.10440, accuracy: 96.260, precision: 96.921, recall: 98.583 F1: 97.745, AUC: 0.921
Epoch: 31 VALID Loss: 0.21661, accuracy: 92.647, precision: 90.083, recall: 97.321 F1: 93.562, AUC: 0.921

epochs_no_improve: 17/50

Epoch: 32 TRAIN Loss: 0.10205, accuracy: 96.750, precision: 97.283, recall: 98.807 F1: 98.039, AUC: 0.930
Epoch: 32 VALID Loss: 0.21415, accuracy: 92.647, precision: 90.083, recall: 97.321 F1: 93.562, AUC: 0.921

epochs_no_improve: 18/50

Epoch: 33 TRAIN Loss: 0.10143, accuracy: 96.383, precision: 96.994, recall: 98.658 F1: 97.819, AUC: 0.923
Epoch: 33 VALID Loss: 0.23525, accuracy: 92.647, precision: 90.083, recall: 97.321 F1: 93.562, AUC: 0.921

epochs_no_improve: 19/50

Epoch: 34 TRAIN Loss: 0.10622, accuracy: 96.199, precision: 96.850, recall: 98.583 F1: 97.709, AUC: 0.919
Epoch: 34 VALID Loss: 0.21375, accuracy: 92.647, precision: 90.083, recall: 97.321 F1: 93.562, AUC: 0.921

epochs_no_improve: 20/50

Epoch: 35 TRAIN Loss: 0.10111, accuracy: 96.567, precision: 96.864, recall: 99.031 F1: 97.935, AUC: 0.921
Epoch: 35 VALID Loss: 0.20632, accuracy: 92.647, precision: 90.083, recall: 97.321 F1: 93.562, AUC: 0.921

epochs_no_improve: 21/50

Epoch: 36 TRAIN Loss: 0.09968, accuracy: 97.057, precision: 97.853, recall: 98.583 F1: 98.217, AUC: 0.943
Epoch: 36 VALID Loss: 0.20699, accuracy: 92.647, precision: 90.756, recall: 96.429 F1: 93.506, AUC: 0.922

epochs_no_improve: 22/50

Epoch: 37 TRAIN Loss: 0.09342, accuracy: 96.996, precision: 97.500, recall: 98.881 F1: 98.186, AUC: 0.936
Epoch: 37 VALID Loss: 0.20553, accuracy: 92.647, precision: 90.756, recall: 96.429 F1: 93.506, AUC: 0.922

epochs_no_improve: 23/50

Epoch: 38 TRAIN Loss: 0.09285, accuracy: 97.180, precision: 97.716, recall: 98.881 F1: 98.295, AUC: 0.941
Epoch: 38 VALID Loss: 0.20171, accuracy: 92.647, precision: 90.756, recall: 96.429 F1: 93.506, AUC: 0.922

epochs_no_improve: 24/50

Epoch: 39 TRAIN Loss: 0.09242, accuracy: 97.118, precision: 97.714, recall: 98.807 F1: 98.257, AUC: 0.941
Epoch: 39 VALID Loss: 0.20179, accuracy: 92.647, precision: 90.756, recall: 96.429 F1: 93.506, AUC: 0.922

epochs_no_improve: 25/50

Epoch: 40 TRAIN Loss: 0.09239, accuracy: 97.180, precision: 97.716, recall: 98.881 F1: 98.295, AUC: 0.941
Epoch: 40 VALID Loss: 0.20299, accuracy: 92.647, precision: 90.756, recall: 96.429 F1: 93.506, AUC: 0.922

epochs_no_improve: 26/50

Epoch: 41 TRAIN Loss: 0.09207, accuracy: 97.180, precision: 97.716, recall: 98.881 F1: 98.295, AUC: 0.941
Epoch: 41 VALID Loss: 0.20207, accuracy: 92.647, precision: 90.756, recall: 96.429 F1: 93.506, AUC: 0.922

epochs_no_improve: 27/50

Epoch: 42 TRAIN Loss: 0.09199, accuracy: 96.996, precision: 97.570, recall: 98.807 F1: 98.185, AUC: 0.937
Epoch: 42 VALID Loss: 0.20468, accuracy: 92.157, precision: 90.000, recall: 96.429 F1: 93.103, AUC: 0.917

epochs_no_improve: 28/50

Epoch: 43 TRAIN Loss: 0.09228, accuracy: 97.118, precision: 97.714, recall: 98.807 F1: 98.257, AUC: 0.941
Epoch: 43 VALID Loss: 0.19533, accuracy: 92.647, precision: 90.756, recall: 96.429 F1: 93.506, AUC: 0.922

epochs_no_improve: 29/50

Epoch: 44 TRAIN Loss: 0.09149, accuracy: 97.180, precision: 97.786, recall: 98.807 F1: 98.294, AUC: 0.942
Epoch: 44 VALID Loss: 0.20158, accuracy: 92.647, precision: 90.756, recall: 96.429 F1: 93.506, AUC: 0.922

epochs_no_improve: 30/50

Epoch: 45 TRAIN Loss: 0.09192, accuracy: 96.996, precision: 97.500, recall: 98.881 F1: 98.186, AUC: 0.936
Epoch: 45 VALID Loss: 0.20068, accuracy: 92.647, precision: 90.756, recall: 96.429 F1: 93.506, AUC: 0.922

epochs_no_improve: 31/50

Epoch: 46 TRAIN Loss: 0.09121, accuracy: 97.180, precision: 97.786, recall: 98.807 F1: 98.294, AUC: 0.942
Epoch: 46 VALID Loss: 0.19745, accuracy: 92.647, precision: 90.756, recall: 96.429 F1: 93.506, AUC: 0.922

epochs_no_improve: 32/50

Epoch: 47 TRAIN Loss: 0.09102, accuracy: 97.180, precision: 97.786, recall: 98.807 F1: 98.294, AUC: 0.942
Epoch: 47 VALID Loss: 0.19920, accuracy: 92.157, precision: 90.000, recall: 96.429 F1: 93.103, AUC: 0.917

epochs_no_improve: 33/50

Epoch: 48 TRAIN Loss: 0.09123, accuracy: 97.118, precision: 97.784, recall: 98.732 F1: 98.256, AUC: 0.942
Epoch: 48 VALID Loss: 0.20336, accuracy: 92.157, precision: 90.000, recall: 96.429 F1: 93.103, AUC: 0.917

epochs_no_improve: 34/50

Epoch: 49 TRAIN Loss: 0.09099, accuracy: 97.118, precision: 97.714, recall: 98.807 F1: 98.257, AUC: 0.941
Epoch: 49 VALID Loss: 0.20071, accuracy: 92.157, precision: 90.000, recall: 96.429 F1: 93.103, AUC: 0.917

epochs_no_improve: 35/50

Epoch: 50 TRAIN Loss: 0.09056, accuracy: 97.118, precision: 97.714, recall: 98.807 F1: 98.257, AUC: 0.941
Epoch: 50 VALID Loss: 0.20211, accuracy: 92.157, precision: 90.000, recall: 96.429 F1: 93.103, AUC: 0.917

epochs_no_improve: 36/50

Epoch: 51 TRAIN Loss: 0.09057, accuracy: 97.057, precision: 97.642, recall: 98.807 F1: 98.221, AUC: 0.939
Epoch: 51 VALID Loss: 0.20289, accuracy: 92.157, precision: 90.000, recall: 96.429 F1: 93.103, AUC: 0.917

epochs_no_improve: 37/50

Epoch: 52 TRAIN Loss: 0.09036, accuracy: 97.180, precision: 97.716, recall: 98.881 F1: 98.295, AUC: 0.941
Epoch: 52 VALID Loss: 0.20053, accuracy: 92.157, precision: 90.000, recall: 96.429 F1: 93.103, AUC: 0.917

epochs_no_improve: 38/50

Epoch: 53 TRAIN Loss: 0.09010, accuracy: 97.118, precision: 97.714, recall: 98.807 F1: 98.257, AUC: 0.941
Epoch: 53 VALID Loss: 0.19835, accuracy: 92.157, precision: 90.000, recall: 96.429 F1: 93.103, AUC: 0.917

epochs_no_improve: 39/50

Epoch: 54 TRAIN Loss: 0.08990, accuracy: 96.996, precision: 97.710, recall: 98.658 F1: 98.182, AUC: 0.940
Epoch: 54 VALID Loss: 0.19970, accuracy: 92.157, precision: 90.000, recall: 96.429 F1: 93.103, AUC: 0.917

epochs_no_improve: 40/50

Epoch: 55 TRAIN Loss: 0.08977, accuracy: 97.057, precision: 97.642, recall: 98.807 F1: 98.221, AUC: 0.939
Epoch: 55 VALID Loss: 0.20310, accuracy: 92.157, precision: 90.000, recall: 96.429 F1: 93.103, AUC: 0.917

epochs_no_improve: 41/50

Epoch: 56 TRAIN Loss: 0.09000, accuracy: 97.118, precision: 97.784, recall: 98.732 F1: 98.256, AUC: 0.942
Epoch: 56 VALID Loss: 0.19923, accuracy: 92.157, precision: 90.000, recall: 96.429 F1: 93.103, AUC: 0.917

epochs_no_improve: 42/50

Epoch: 57 TRAIN Loss: 0.08956, accuracy: 97.118, precision: 97.784, recall: 98.732 F1: 98.256, AUC: 0.942
Epoch: 57 VALID Loss: 0.20398, accuracy: 92.157, precision: 90.000, recall: 96.429 F1: 93.103, AUC: 0.917

epochs_no_improve: 43/50

Epoch: 58 TRAIN Loss: 0.08943, accuracy: 97.057, precision: 97.642, recall: 98.807 F1: 98.221, AUC: 0.939
Epoch: 58 VALID Loss: 0.20058, accuracy: 92.157, precision: 90.000, recall: 96.429 F1: 93.103, AUC: 0.917

epochs_no_improve: 44/50

Epoch: 59 TRAIN Loss: 0.08982, accuracy: 97.118, precision: 97.574, recall: 98.956 F1: 98.260, AUC: 0.938
Epoch: 59 VALID Loss: 0.20358, accuracy: 92.157, precision: 90.000, recall: 96.429 F1: 93.103, AUC: 0.917

epochs_no_improve: 45/50

Epoch: 60 TRAIN Loss: 0.08906, accuracy: 97.057, precision: 97.712, recall: 98.732 F1: 98.220, AUC: 0.940
Epoch: 60 VALID Loss: 0.19823, accuracy: 92.647, precision: 90.756, recall: 96.429 F1: 93.506, AUC: 0.922

epochs_no_improve: 46/50

Epoch: 61 TRAIN Loss: 0.08910, accuracy: 96.996, precision: 97.640, recall: 98.732 F1: 98.183, AUC: 0.938
Epoch: 61 VALID Loss: 0.20047, accuracy: 92.647, precision: 90.756, recall: 96.429 F1: 93.506, AUC: 0.922

epochs_no_improve: 47/50

Epoch: 62 TRAIN Loss: 0.08871, accuracy: 97.118, precision: 97.784, recall: 98.732 F1: 98.256, AUC: 0.942
Epoch: 62 VALID Loss: 0.20114, accuracy: 92.647, precision: 90.756, recall: 96.429 F1: 93.506, AUC: 0.922

epochs_no_improve: 48/50

Epoch: 63 TRAIN Loss: 0.08854, accuracy: 97.118, precision: 97.714, recall: 98.807 F1: 98.257, AUC: 0.941
Epoch: 63 VALID Loss: 0.20119, accuracy: 92.157, precision: 90.000, recall: 96.429 F1: 93.103, AUC: 0.917

epochs_no_improve: 49/50

Epoch: 64 TRAIN Loss: 0.08832, accuracy: 97.118, precision: 97.855, recall: 98.658 F1: 98.255, AUC: 0.943
Epoch: 64 VALID Loss: 0.20435, accuracy: 92.157, precision: 90.000, recall: 96.429 F1: 93.103, AUC: 0.917

epochs_no_improve: 50/50

Early stopping!
Save model from last epoch

BEST
TEST - Loss: 1.09012, accuracy: 60.784, precision: 57.895, recall: 92.523 F1: 71.223, AUC: 0.591
mean and std over 1 runs
mean: 60.784, std: 0.000 - accuracy [60.78431373]
mean: 57.895, std: 0.000 - precision [57.89473684]
mean: 92.523, std: 0.000 - recall [92.52336449]
mean: 71.223, std: 0.000 - F1 [71.22302158]
mean: 0.591, std: 0.000 - AUC [0.5914828]

DELETE: ../experiments/BBBP/default_scaffold_5/repeat_1/default_scaffold_5_best.pt

LAST
TEST - Loss: 1.27116, accuracy: 63.235, precision: 60.000, recall: 89.720 F1: 71.910, AUC: 0.619
mean and std over 1 runs
mean: 63.235, std: 0.000 - accuracy [63.23529412]
mean: 60.000, std: 0.000 - precision [60.]
mean: 89.720, std: 0.000 - recall [89.71962617]
mean: 71.910, std: 0.000 - F1 [71.91011236]
mean: 0.619, std: 0.000 - AUC [0.61870122]

DELETE: ../experiments/BBBP/default_scaffold_5/repeat_1/default_scaffold_5_last.pt
