Epoch: 1 TRAIN Loss: 0.45485, accuracy: 78.909, precision: 85.180, recall: 90.007 F1: 87.527, AUC: 0.588
Epoch: 1 VALID Loss: 0.47767, accuracy: 76.471, precision: 70.513, recall: 98.214 F1: 82.090, AUC: 0.741

Epoch: 2 TRAIN Loss: 0.34898, accuracy: 86.573, precision: 88.797, recall: 95.749 F1: 92.142, AUC: 0.699
Epoch: 2 VALID Loss: 0.44485, accuracy: 80.392, precision: 74.658, recall: 97.321 F1: 84.496, AUC: 0.786

Epoch: 3 TRAIN Loss: 0.32994, accuracy: 87.492, precision: 90.234, recall: 95.078 F1: 92.593, AUC: 0.737
Epoch: 3 VALID Loss: 0.34049, accuracy: 89.216, precision: 86.290, recall: 95.536 F1: 90.678, AUC: 0.885

Epoch: 4 TRAIN Loss: 0.31103, accuracy: 88.412, precision: 89.669, recall: 97.092 F1: 93.233, AUC: 0.727
Epoch: 4 VALID Loss: 0.29409, accuracy: 90.686, precision: 89.076, recall: 94.643 F1: 91.775, AUC: 0.903

Epoch: 5 TRAIN Loss: 0.30848, accuracy: 87.922, precision: 90.799, recall: 94.929 F1: 92.818, AUC: 0.752
Epoch: 5 VALID Loss: 0.27607, accuracy: 90.196, precision: 90.351, recall: 91.964 F1: 91.150, AUC: 0.900

epochs_no_improve: 1/50

Epoch: 6 TRAIN Loss: 0.29829, accuracy: 89.025, precision: 90.629, recall: 96.644 F1: 93.540, AUC: 0.752
Epoch: 6 VALID Loss: 0.41112, accuracy: 84.314, precision: 78.169, recall: 99.107 F1: 87.402, AUC: 0.827

epochs_no_improve: 2/50

Epoch: 7 TRAIN Loss: 0.29233, accuracy: 89.761, precision: 91.164, recall: 96.943 F1: 93.965, AUC: 0.767
Epoch: 7 VALID Loss: 0.48198, accuracy: 76.961, precision: 70.701, recall: 99.107 F1: 82.528, AUC: 0.746

epochs_no_improve: 3/50

Epoch: 8 TRAIN Loss: 0.31817, accuracy: 87.492, precision: 90.636, recall: 94.556 F1: 92.555, AUC: 0.747
Epoch: 8 VALID Loss: 0.24668, accuracy: 90.196, precision: 90.351, recall: 91.964 F1: 91.150, AUC: 0.900

epochs_no_improve: 4/50

Epoch: 9 TRAIN Loss: 0.27719, accuracy: 90.129, precision: 91.549, recall: 96.943 F1: 94.169, AUC: 0.778
Epoch: 9 VALID Loss: 0.28450, accuracy: 90.196, precision: 86.508, recall: 97.321 F1: 91.597, AUC: 0.894

epochs_no_improve: 5/50

Epoch: 10 TRAIN Loss: 0.26338, accuracy: 90.251, precision: 91.737, recall: 96.868 F1: 94.233, AUC: 0.783
Epoch: 10 VALID Loss: 0.23231, accuracy: 92.157, precision: 92.105, recall: 93.750 F1: 92.920, AUC: 0.920

Epoch: 11 TRAIN Loss: 0.26213, accuracy: 90.435, precision: 91.932, recall: 96.868 F1: 94.336, AUC: 0.788
Epoch: 11 VALID Loss: 0.23099, accuracy: 91.176, precision: 89.167, recall: 95.536 F1: 92.241, AUC: 0.907

epochs_no_improve: 1/50

Epoch: 12 TRAIN Loss: 0.25279, accuracy: 90.987, precision: 92.042, recall: 97.465 F1: 94.676, AUC: 0.792
Epoch: 12 VALID Loss: 0.20382, accuracy: 92.647, precision: 92.920, recall: 93.750 F1: 93.333, AUC: 0.925

Epoch: 13 TRAIN Loss: 0.23879, accuracy: 91.539, precision: 92.270, recall: 97.912 F1: 95.007, AUC: 0.800
Epoch: 13 VALID Loss: 0.22064, accuracy: 90.686, precision: 93.458, recall: 89.286 F1: 91.324, AUC: 0.908

epochs_no_improve: 1/50

Epoch: 14 TRAIN Loss: 0.23004, accuracy: 91.845, precision: 93.516, recall: 96.793 F1: 95.126, AUC: 0.829
Epoch: 14 VALID Loss: 0.25186, accuracy: 90.686, precision: 87.200, recall: 97.321 F1: 91.983, AUC: 0.900

epochs_no_improve: 2/50

Epoch: 15 TRAIN Loss: 0.21276, accuracy: 91.784, precision: 93.324, recall: 96.943 F1: 95.099, AUC: 0.824
Epoch: 15 VALID Loss: 0.22244, accuracy: 91.176, precision: 92.727, recall: 91.071 F1: 91.892, AUC: 0.912

epochs_no_improve: 3/50

Epoch: 16 TRAIN Loss: 0.20885, accuracy: 92.520, precision: 93.443, recall: 97.763 F1: 95.554, AUC: 0.830
Epoch: 16 VALID Loss: 0.28981, accuracy: 91.667, precision: 87.402, recall: 99.107 F1: 92.887, AUC: 0.909

epochs_no_improve: 4/50

Epoch: 17 TRAIN Loss: 0.21358, accuracy: 92.275, precision: 93.548, recall: 97.315 F1: 95.395, AUC: 0.831
Epoch: 17 VALID Loss: 0.20302, accuracy: 92.157, precision: 89.344, recall: 97.321 F1: 93.162, AUC: 0.916

epochs_no_improve: 5/50

Epoch: 18 TRAIN Loss: 0.24145, accuracy: 90.926, precision: 93.893, recall: 95.153 F1: 94.519, AUC: 0.833
Epoch: 18 VALID Loss: 0.44553, accuracy: 85.294, precision: 78.873, recall: 100.000 F1: 88.189, AUC: 0.837

epochs_no_improve: 6/50

Epoch: 19 TRAIN Loss: 0.20986, accuracy: 91.600, precision: 93.750, recall: 96.197 F1: 94.958, AUC: 0.833
Epoch: 19 VALID Loss: 0.29155, accuracy: 89.216, precision: 84.091, recall: 99.107 F1: 90.984, AUC: 0.881

epochs_no_improve: 7/50

Epoch: 20 TRAIN Loss: 0.19267, accuracy: 92.459, precision: 93.376, recall: 97.763 F1: 95.519, AUC: 0.828
Epoch: 20 VALID Loss: 0.20835, accuracy: 92.157, precision: 90.678, recall: 95.536 F1: 93.043, AUC: 0.918

epochs_no_improve: 8/50

Epoch: 21 TRAIN Loss: 0.18934, accuracy: 92.336, precision: 94.315, recall: 96.495 F1: 95.393, AUC: 0.848
Epoch: 21 VALID Loss: 0.20784, accuracy: 94.608, precision: 92.437, recall: 98.214 F1: 95.238, AUC: 0.942

Epoch: 22 TRAIN Loss: 0.19832, accuracy: 92.949, precision: 94.292, recall: 97.315 F1: 95.780, AUC: 0.850
Epoch: 22 VALID Loss: 0.31830, accuracy: 90.196, precision: 85.385, recall: 99.107 F1: 91.736, AUC: 0.892

epochs_no_improve: 1/50

Epoch: 23 TRAIN Loss: 0.17111, accuracy: 93.746, precision: 94.665, recall: 97.912 F1: 96.261, AUC: 0.862
Epoch: 23 VALID Loss: 0.18993, accuracy: 93.627, precision: 92.308, recall: 96.429 F1: 94.323, AUC: 0.933

epochs_no_improve: 2/50

Epoch: 24 TRAIN Loss: 0.15777, accuracy: 94.237, precision: 95.214, recall: 97.912 F1: 96.544, AUC: 0.876
Epoch: 24 VALID Loss: 0.22070, accuracy: 88.725, precision: 94.059, recall: 84.821 F1: 89.202, AUC: 0.891

epochs_no_improve: 3/50

Epoch: 25 TRAIN Loss: 0.17007, accuracy: 93.072, precision: 95.280, recall: 96.346 F1: 95.810, AUC: 0.871
Epoch: 25 VALID Loss: 0.29876, accuracy: 90.196, precision: 85.938, recall: 98.214 F1: 91.667, AUC: 0.893

epochs_no_improve: 4/50

Epoch: 26 TRAIN Loss: 0.16436, accuracy: 93.501, precision: 95.304, recall: 96.868 F1: 96.080, AUC: 0.874
Epoch: 26 VALID Loss: 0.21248, accuracy: 94.118, precision: 91.667, recall: 98.214 F1: 94.828, AUC: 0.937

epochs_no_improve: 5/50

Epoch: 27 TRAIN Loss: 0.14433, accuracy: 94.605, precision: 95.431, recall: 98.136 F1: 96.765, AUC: 0.882
Epoch: 27 VALID Loss: 0.25738, accuracy: 90.196, precision: 95.098, recall: 86.607 F1: 90.654, AUC: 0.906

epochs_no_improve: 6/50

Epoch: 28 TRAIN Loss: 0.15891, accuracy: 94.114, precision: 95.405, recall: 97.539 F1: 96.460, AUC: 0.879
Epoch: 28 VALID Loss: 0.24768, accuracy: 91.667, precision: 89.256, recall: 96.429 F1: 92.704, AUC: 0.911

epochs_no_improve: 7/50

Epoch: 29 TRAIN Loss: 0.13994, accuracy: 94.788, precision: 96.381, recall: 97.315 F1: 96.846, AUC: 0.902
Epoch: 29 VALID Loss: 0.20381, accuracy: 93.627, precision: 92.308, recall: 96.429 F1: 94.323, AUC: 0.933

epochs_no_improve: 8/50

Epoch: 30 TRAIN Loss: 0.12700, accuracy: 95.279, precision: 96.402, recall: 97.912 F1: 97.151, AUC: 0.905
Epoch: 30 VALID Loss: 0.23377, accuracy: 93.137, precision: 90.164, recall: 98.214 F1: 94.017, AUC: 0.926

epochs_no_improve: 9/50

Epoch: 31 TRAIN Loss: 0.12302, accuracy: 95.769, precision: 97.321, recall: 97.539 F1: 97.430, AUC: 0.926
Epoch: 31 VALID Loss: 0.27266, accuracy: 94.118, precision: 91.667, recall: 98.214 F1: 94.828, AUC: 0.937

epochs_no_improve: 10/50

Epoch: 32 TRAIN Loss: 0.13505, accuracy: 95.034, precision: 96.256, recall: 97.763 F1: 97.003, AUC: 0.901
Epoch: 32 VALID Loss: 0.21565, accuracy: 91.176, precision: 91.964, recall: 91.964 F1: 91.964, AUC: 0.911

epochs_no_improve: 11/50

Epoch: 33 TRAIN Loss: 0.09654, accuracy: 96.628, precision: 97.419, recall: 98.509 F1: 97.961, AUC: 0.932
Epoch: 33 VALID Loss: 0.20493, accuracy: 92.647, precision: 91.453, recall: 95.536 F1: 93.450, AUC: 0.923

epochs_no_improve: 12/50

Epoch: 34 TRAIN Loss: 0.08628, accuracy: 97.302, precision: 97.860, recall: 98.881 F1: 98.368, AUC: 0.944
Epoch: 34 VALID Loss: 0.22391, accuracy: 92.647, precision: 90.083, recall: 97.321 F1: 93.562, AUC: 0.921

epochs_no_improve: 13/50

Epoch: 35 TRAIN Loss: 0.08545, accuracy: 96.812, precision: 97.565, recall: 98.583 F1: 98.071, AUC: 0.936
Epoch: 35 VALID Loss: 0.23149, accuracy: 93.137, precision: 90.833, recall: 97.321 F1: 93.966, AUC: 0.927

epochs_no_improve: 14/50

Epoch: 36 TRAIN Loss: 0.08130, accuracy: 97.364, precision: 98.003, recall: 98.807 F1: 98.403, AUC: 0.947
Epoch: 36 VALID Loss: 0.19998, accuracy: 91.667, precision: 90.598, recall: 94.643 F1: 92.576, AUC: 0.913

epochs_no_improve: 15/50

Epoch: 37 TRAIN Loss: 0.08390, accuracy: 97.302, precision: 97.860, recall: 98.881 F1: 98.368, AUC: 0.944
Epoch: 37 VALID Loss: 0.20875, accuracy: 92.647, precision: 90.756, recall: 96.429 F1: 93.506, AUC: 0.922

epochs_no_improve: 16/50

Epoch: 38 TRAIN Loss: 0.07998, accuracy: 97.118, precision: 97.644, recall: 98.881 F1: 98.259, AUC: 0.939
Epoch: 38 VALID Loss: 0.21924, accuracy: 92.647, precision: 90.756, recall: 96.429 F1: 93.506, AUC: 0.922

epochs_no_improve: 17/50

Epoch: 39 TRAIN Loss: 0.07809, accuracy: 97.118, precision: 97.574, recall: 98.956 F1: 98.260, AUC: 0.938
Epoch: 39 VALID Loss: 0.22583, accuracy: 92.647, precision: 90.756, recall: 96.429 F1: 93.506, AUC: 0.922

epochs_no_improve: 18/50

Epoch: 40 TRAIN Loss: 0.07869, accuracy: 97.302, precision: 98.216, recall: 98.509 F1: 98.362, AUC: 0.951
Epoch: 40 VALID Loss: 0.22552, accuracy: 93.137, precision: 90.833, recall: 97.321 F1: 93.966, AUC: 0.927

epochs_no_improve: 19/50

Epoch: 41 TRAIN Loss: 0.07724, accuracy: 97.548, precision: 98.150, recall: 98.881 F1: 98.514, AUC: 0.951
Epoch: 41 VALID Loss: 0.21687, accuracy: 93.137, precision: 91.525, recall: 96.429 F1: 93.913, AUC: 0.928

epochs_no_improve: 20/50

Epoch: 42 TRAIN Loss: 0.07460, accuracy: 97.364, precision: 97.932, recall: 98.881 F1: 98.404, AUC: 0.946
Epoch: 42 VALID Loss: 0.22827, accuracy: 92.647, precision: 90.756, recall: 96.429 F1: 93.506, AUC: 0.922

epochs_no_improve: 21/50

Epoch: 43 TRAIN Loss: 0.07417, accuracy: 97.302, precision: 98.001, recall: 98.732 F1: 98.366, AUC: 0.947
Epoch: 43 VALID Loss: 0.22774, accuracy: 92.647, precision: 90.756, recall: 96.429 F1: 93.506, AUC: 0.922

epochs_no_improve: 22/50

Epoch: 44 TRAIN Loss: 0.07018, accuracy: 97.731, precision: 98.368, recall: 98.881 F1: 98.624, AUC: 0.956
Epoch: 44 VALID Loss: 0.23511, accuracy: 93.137, precision: 90.833, recall: 97.321 F1: 93.966, AUC: 0.927

epochs_no_improve: 23/50

Epoch: 45 TRAIN Loss: 0.06951, accuracy: 97.731, precision: 98.225, recall: 99.031 F1: 98.626, AUC: 0.954
Epoch: 45 VALID Loss: 0.23574, accuracy: 93.137, precision: 90.833, recall: 97.321 F1: 93.966, AUC: 0.927

epochs_no_improve: 24/50

Epoch: 46 TRAIN Loss: 0.06930, accuracy: 97.854, precision: 98.299, recall: 99.105 F1: 98.700, AUC: 0.956
Epoch: 46 VALID Loss: 0.23488, accuracy: 93.137, precision: 90.833, recall: 97.321 F1: 93.966, AUC: 0.927

epochs_no_improve: 25/50

Epoch: 47 TRAIN Loss: 0.06929, accuracy: 97.731, precision: 98.012, recall: 99.254 F1: 98.629, AUC: 0.950
Epoch: 47 VALID Loss: 0.23921, accuracy: 93.137, precision: 90.833, recall: 97.321 F1: 93.966, AUC: 0.927

epochs_no_improve: 26/50

Epoch: 48 TRAIN Loss: 0.06993, accuracy: 97.670, precision: 97.869, recall: 99.329 F1: 98.594, AUC: 0.947
Epoch: 48 VALID Loss: 0.23439, accuracy: 93.137, precision: 90.833, recall: 97.321 F1: 93.966, AUC: 0.927

epochs_no_improve: 27/50

Epoch: 49 TRAIN Loss: 0.06918, accuracy: 97.793, precision: 98.441, recall: 98.881 F1: 98.661, AUC: 0.958
Epoch: 49 VALID Loss: 0.23003, accuracy: 93.137, precision: 90.833, recall: 97.321 F1: 93.966, AUC: 0.927

epochs_no_improve: 28/50

Epoch: 50 TRAIN Loss: 0.06889, accuracy: 97.731, precision: 98.368, recall: 98.881 F1: 98.624, AUC: 0.956
Epoch: 50 VALID Loss: 0.23236, accuracy: 93.137, precision: 90.833, recall: 97.321 F1: 93.966, AUC: 0.927

epochs_no_improve: 29/50

Epoch: 51 TRAIN Loss: 0.06884, accuracy: 97.793, precision: 98.298, recall: 99.031 F1: 98.663, AUC: 0.955
Epoch: 51 VALID Loss: 0.23051, accuracy: 92.647, precision: 90.756, recall: 96.429 F1: 93.506, AUC: 0.922

epochs_no_improve: 30/50

Epoch: 52 TRAIN Loss: 0.06865, accuracy: 97.731, precision: 98.225, recall: 99.031 F1: 98.626, AUC: 0.954
Epoch: 52 VALID Loss: 0.23351, accuracy: 92.647, precision: 90.756, recall: 96.429 F1: 93.506, AUC: 0.922

epochs_no_improve: 31/50

Epoch: 53 TRAIN Loss: 0.06859, accuracy: 97.854, precision: 98.659, recall: 98.732 F1: 98.695, AUC: 0.963
Epoch: 53 VALID Loss: 0.23065, accuracy: 92.647, precision: 90.756, recall: 96.429 F1: 93.506, AUC: 0.922

epochs_no_improve: 32/50

Epoch: 54 TRAIN Loss: 0.06842, accuracy: 97.915, precision: 98.372, recall: 99.105 F1: 98.737, AUC: 0.958
Epoch: 54 VALID Loss: 0.23352, accuracy: 92.647, precision: 90.756, recall: 96.429 F1: 93.506, AUC: 0.922

epochs_no_improve: 33/50

Epoch: 55 TRAIN Loss: 0.06829, accuracy: 97.731, precision: 98.154, recall: 99.105 F1: 98.627, AUC: 0.952
Epoch: 55 VALID Loss: 0.23425, accuracy: 92.647, precision: 90.756, recall: 96.429 F1: 93.506, AUC: 0.922

epochs_no_improve: 34/50

Epoch: 56 TRAIN Loss: 0.06841, accuracy: 97.793, precision: 98.226, recall: 99.105 F1: 98.664, AUC: 0.954
Epoch: 56 VALID Loss: 0.23389, accuracy: 92.647, precision: 90.756, recall: 96.429 F1: 93.506, AUC: 0.922

epochs_no_improve: 35/50

Epoch: 57 TRAIN Loss: 0.06803, accuracy: 97.731, precision: 98.296, recall: 98.956 F1: 98.625, AUC: 0.955
Epoch: 57 VALID Loss: 0.23422, accuracy: 92.647, precision: 90.756, recall: 96.429 F1: 93.506, AUC: 0.922

epochs_no_improve: 36/50

Epoch: 58 TRAIN Loss: 0.06807, accuracy: 97.854, precision: 98.370, recall: 99.031 F1: 98.699, AUC: 0.957
Epoch: 58 VALID Loss: 0.23412, accuracy: 92.647, precision: 90.756, recall: 96.429 F1: 93.506, AUC: 0.922

epochs_no_improve: 37/50

Epoch: 59 TRAIN Loss: 0.06779, accuracy: 97.731, precision: 98.083, recall: 99.180 F1: 98.628, AUC: 0.951
Epoch: 59 VALID Loss: 0.23707, accuracy: 92.647, precision: 90.756, recall: 96.429 F1: 93.506, AUC: 0.922

epochs_no_improve: 38/50

Epoch: 60 TRAIN Loss: 0.06797, accuracy: 97.731, precision: 98.083, recall: 99.180 F1: 98.628, AUC: 0.951
Epoch: 60 VALID Loss: 0.23571, accuracy: 92.647, precision: 90.756, recall: 96.429 F1: 93.506, AUC: 0.922

epochs_no_improve: 39/50

Epoch: 61 TRAIN Loss: 0.06775, accuracy: 97.731, precision: 98.296, recall: 98.956 F1: 98.625, AUC: 0.955
Epoch: 61 VALID Loss: 0.23066, accuracy: 92.647, precision: 90.756, recall: 96.429 F1: 93.506, AUC: 0.922

epochs_no_improve: 40/50

Epoch: 62 TRAIN Loss: 0.06760, accuracy: 97.854, precision: 98.299, recall: 99.105 F1: 98.700, AUC: 0.956
Epoch: 62 VALID Loss: 0.23448, accuracy: 92.647, precision: 90.756, recall: 96.429 F1: 93.506, AUC: 0.922

epochs_no_improve: 41/50

Epoch: 63 TRAIN Loss: 0.06742, accuracy: 97.793, precision: 98.155, recall: 99.180 F1: 98.665, AUC: 0.953
Epoch: 63 VALID Loss: 0.23623, accuracy: 92.647, precision: 90.756, recall: 96.429 F1: 93.506, AUC: 0.922

epochs_no_improve: 42/50

Epoch: 64 TRAIN Loss: 0.06745, accuracy: 97.731, precision: 98.083, recall: 99.180 F1: 98.628, AUC: 0.951
Epoch: 64 VALID Loss: 0.23507, accuracy: 92.647, precision: 90.756, recall: 96.429 F1: 93.506, AUC: 0.922

epochs_no_improve: 43/50

Epoch: 65 TRAIN Loss: 0.06725, accuracy: 98.099, precision: 98.663, recall: 99.031 F1: 98.846, AUC: 0.964
Epoch: 65 VALID Loss: 0.23078, accuracy: 92.647, precision: 90.756, recall: 96.429 F1: 93.506, AUC: 0.922

epochs_no_improve: 44/50

Epoch: 66 TRAIN Loss: 0.06703, accuracy: 98.099, precision: 98.663, recall: 99.031 F1: 98.846, AUC: 0.964
Epoch: 66 VALID Loss: 0.23168, accuracy: 92.647, precision: 90.756, recall: 96.429 F1: 93.506, AUC: 0.922

epochs_no_improve: 45/50

Epoch: 67 TRAIN Loss: 0.06752, accuracy: 97.854, precision: 98.227, recall: 99.180 F1: 98.701, AUC: 0.955
Epoch: 67 VALID Loss: 0.24005, accuracy: 92.647, precision: 90.756, recall: 96.429 F1: 93.506, AUC: 0.922

epochs_no_improve: 46/50

Epoch: 68 TRAIN Loss: 0.06732, accuracy: 97.854, precision: 98.227, recall: 99.180 F1: 98.701, AUC: 0.955
Epoch: 68 VALID Loss: 0.23436, accuracy: 92.647, precision: 90.756, recall: 96.429 F1: 93.506, AUC: 0.922

epochs_no_improve: 47/50

Epoch: 69 TRAIN Loss: 0.06664, accuracy: 97.977, precision: 98.373, recall: 99.180 F1: 98.775, AUC: 0.958
Epoch: 69 VALID Loss: 0.23987, accuracy: 93.137, precision: 90.833, recall: 97.321 F1: 93.966, AUC: 0.927

epochs_no_improve: 48/50

Epoch: 70 TRAIN Loss: 0.06691, accuracy: 97.793, precision: 98.084, recall: 99.254 F1: 98.666, AUC: 0.951
Epoch: 70 VALID Loss: 0.23906, accuracy: 92.647, precision: 90.756, recall: 96.429 F1: 93.506, AUC: 0.922

epochs_no_improve: 49/50

Epoch: 71 TRAIN Loss: 0.06701, accuracy: 97.915, precision: 98.515, recall: 98.956 F1: 98.735, AUC: 0.960
Epoch: 71 VALID Loss: 0.23423, accuracy: 92.647, precision: 90.756, recall: 96.429 F1: 93.506, AUC: 0.922

epochs_no_improve: 50/50

Early stopping!
Save model from last epoch

BEST
TEST - Loss: 1.09587, accuracy: 59.804, precision: 57.396, recall: 90.654 F1: 70.290, AUC: 0.582
mean and std over 3 runs
mean: 60.784, std: 0.800 - accuracy [60.78431373 61.76470588 59.80392157]
mean: 58.089, std: 0.568 - precision [58.08383234 58.78787879 57.3964497 ]
mean: 90.654, std: 0.000 - recall [90.65420561 90.65420561 90.65420561]
mean: 70.805, std: 0.422 - F1 [70.80291971 71.32352941 70.28985507]
mean: 0.592, std: 0.008 - AUC [0.59244629 0.60275556 0.58213701]

DELETE: ../experiments/BBBP/default_scaffold_1/repeat_3/default_scaffold_1_best.pt

LAST
TEST - Loss: 1.45550, accuracy: 62.255, precision: 59.375, recall: 88.785 F1: 71.161, AUC: 0.609
mean and std over 3 runs
mean: 61.928, std: 1.223 - accuracy [63.23529412 60.29411765 62.25490196]
mean: 59.219, std: 0.918 - precision [60.25641026 58.02469136 59.375     ]
mean: 88.162, std: 0.441 - recall [87.85046729 87.85046729 88.78504673]
mean: 70.844, std: 0.688 - F1 [71.48288973 69.88847584 71.16104869]
mean: 0.606, std: 0.013 - AUC [0.61966471 0.58873687 0.60887369]

DELETE: ../experiments/BBBP/default_scaffold_1/repeat_3/default_scaffold_1_last.pt
