Epoch: 1 TRAIN Loss: 0.42046, accuracy: 83.078, precision: 84.827, recall: 96.719 F1: 90.383, AUC: 0.584
Epoch: 1 VALID Loss: 0.40734, accuracy: 86.765, precision: 83.465, recall: 94.643 F1: 88.703, AUC: 0.859

Epoch: 2 TRAIN Loss: 0.33557, accuracy: 87.738, precision: 89.536, recall: 96.346 F1: 92.816, AUC: 0.721
Epoch: 2 VALID Loss: 0.43272, accuracy: 80.392, precision: 74.658, recall: 97.321 F1: 84.496, AUC: 0.786

epochs_no_improve: 1/50

Epoch: 3 TRAIN Loss: 0.33939, accuracy: 87.002, precision: 89.338, recall: 95.600 F1: 92.363, AUC: 0.714
Epoch: 3 VALID Loss: 0.44020, accuracy: 77.941, precision: 72.185, recall: 97.321 F1: 82.890, AUC: 0.758

epochs_no_improve: 2/50

Epoch: 4 TRAIN Loss: 0.33455, accuracy: 86.941, precision: 90.114, recall: 94.482 F1: 92.246, AUC: 0.733
Epoch: 4 VALID Loss: 0.30410, accuracy: 91.176, precision: 90.517, recall: 93.750 F1: 92.105, AUC: 0.909

Epoch: 5 TRAIN Loss: 0.33761, accuracy: 87.615, precision: 91.060, recall: 94.183 F1: 92.595, AUC: 0.757
Epoch: 5 VALID Loss: 0.34803, accuracy: 87.255, precision: 83.594, recall: 95.536 F1: 89.167, AUC: 0.864

epochs_no_improve: 1/50

Epoch: 6 TRAIN Loss: 0.32401, accuracy: 88.535, precision: 89.198, recall: 97.912 F1: 93.352, AUC: 0.715
Epoch: 6 VALID Loss: 0.30567, accuracy: 91.176, precision: 90.517, recall: 93.750 F1: 92.105, AUC: 0.909

epochs_no_improve: 2/50

Epoch: 7 TRAIN Loss: 0.29275, accuracy: 89.516, precision: 90.682, recall: 97.241 F1: 93.847, AUC: 0.755
Epoch: 7 VALID Loss: 0.33302, accuracy: 90.196, precision: 85.938, recall: 98.214 F1: 91.667, AUC: 0.893

epochs_no_improve: 3/50

Epoch: 8 TRAIN Loss: 0.28363, accuracy: 89.270, precision: 90.826, recall: 96.719 F1: 93.680, AUC: 0.758
Epoch: 8 VALID Loss: 0.35909, accuracy: 86.275, precision: 82.308, recall: 95.536 F1: 88.430, AUC: 0.853

epochs_no_improve: 4/50

Epoch: 9 TRAIN Loss: 0.32547, accuracy: 87.615, precision: 91.783, recall: 93.289 F1: 92.530, AUC: 0.773
Epoch: 9 VALID Loss: 0.29491, accuracy: 89.216, precision: 85.714, recall: 96.429 F1: 90.756, AUC: 0.884

epochs_no_improve: 5/50

Epoch: 10 TRAIN Loss: 0.26707, accuracy: 89.638, precision: 91.210, recall: 96.719 F1: 93.883, AUC: 0.768
Epoch: 10 VALID Loss: 0.23489, accuracy: 90.686, precision: 91.892, recall: 91.071 F1: 91.480, AUC: 0.906

epochs_no_improve: 6/50

Epoch: 11 TRAIN Loss: 0.28549, accuracy: 90.190, precision: 91.969, recall: 96.495 F1: 94.178, AUC: 0.788
Epoch: 11 VALID Loss: 0.23835, accuracy: 90.686, precision: 94.286, recall: 88.393 F1: 91.244, AUC: 0.909

Epoch: 12 TRAIN Loss: 0.24678, accuracy: 90.619, precision: 92.308, recall: 96.644 F1: 94.426, AUC: 0.797
Epoch: 12 VALID Loss: 0.24839, accuracy: 92.647, precision: 89.431, recall: 98.214 F1: 93.617, AUC: 0.920

Epoch: 13 TRAIN Loss: 0.24467, accuracy: 91.416, precision: 93.108, recall: 96.719 F1: 94.879, AUC: 0.818
Epoch: 13 VALID Loss: 0.23529, accuracy: 91.176, precision: 92.727, recall: 91.071 F1: 91.892, AUC: 0.912

epochs_no_improve: 1/50

Epoch: 14 TRAIN Loss: 0.25594, accuracy: 90.803, precision: 93.059, recall: 95.973 F1: 94.493, AUC: 0.814
Epoch: 14 VALID Loss: 0.20796, accuracy: 91.667, precision: 91.304, recall: 93.750 F1: 92.511, AUC: 0.914

epochs_no_improve: 2/50

Epoch: 15 TRAIN Loss: 0.25185, accuracy: 90.619, precision: 91.597, recall: 97.539 F1: 94.475, AUC: 0.781
Epoch: 15 VALID Loss: 0.20802, accuracy: 93.627, precision: 90.244, recall: 99.107 F1: 94.468, AUC: 0.930

Epoch: 16 TRAIN Loss: 0.21316, accuracy: 92.275, precision: 93.737, recall: 97.092 F1: 95.385, AUC: 0.835
Epoch: 16 VALID Loss: 0.21324, accuracy: 93.137, precision: 90.833, recall: 97.321 F1: 93.966, AUC: 0.927

epochs_no_improve: 1/50

Epoch: 17 TRAIN Loss: 0.20546, accuracy: 92.520, precision: 93.629, recall: 97.539 F1: 95.544, AUC: 0.834
Epoch: 17 VALID Loss: 0.33966, accuracy: 87.255, precision: 81.618, recall: 99.107 F1: 89.516, AUC: 0.860

epochs_no_improve: 2/50

Epoch: 18 TRAIN Loss: 0.18793, accuracy: 92.581, precision: 93.324, recall: 97.987 F1: 95.598, AUC: 0.828
Epoch: 18 VALID Loss: 0.21813, accuracy: 91.176, precision: 93.519, recall: 90.179 F1: 91.818, AUC: 0.913

epochs_no_improve: 3/50

Epoch: 19 TRAIN Loss: 0.21641, accuracy: 92.213, precision: 94.896, recall: 95.675 F1: 95.284, AUC: 0.859
Epoch: 19 VALID Loss: 0.21450, accuracy: 92.157, precision: 96.154, recall: 89.286 F1: 92.593, AUC: 0.925

epochs_no_improve: 4/50

Epoch: 20 TRAIN Loss: 0.19699, accuracy: 93.194, precision: 94.181, recall: 97.763 F1: 95.939, AUC: 0.849
Epoch: 20 VALID Loss: 0.17858, accuracy: 93.137, precision: 91.525, recall: 96.429 F1: 93.913, AUC: 0.928

epochs_no_improve: 5/50

Epoch: 21 TRAIN Loss: 0.19171, accuracy: 92.643, precision: 94.595, recall: 96.570 F1: 95.572, AUC: 0.855
Epoch: 21 VALID Loss: 0.18983, accuracy: 93.137, precision: 91.525, recall: 96.429 F1: 93.913, AUC: 0.928

epochs_no_improve: 6/50

Epoch: 22 TRAIN Loss: 0.17137, accuracy: 93.930, precision: 95.595, recall: 97.092 F1: 96.337, AUC: 0.882
Epoch: 22 VALID Loss: 0.16796, accuracy: 92.157, precision: 92.857, recall: 92.857 F1: 92.857, AUC: 0.921

epochs_no_improve: 7/50

Epoch: 23 TRAIN Loss: 0.18997, accuracy: 92.704, precision: 94.795, recall: 96.421 F1: 95.601, AUC: 0.860
Epoch: 23 VALID Loss: 0.22524, accuracy: 91.176, precision: 86.719, recall: 99.107 F1: 92.500, AUC: 0.903

epochs_no_improve: 8/50

Epoch: 24 TRAIN Loss: 0.16173, accuracy: 94.053, precision: 95.401, recall: 97.465 F1: 96.422, AUC: 0.879
Epoch: 24 VALID Loss: 0.22402, accuracy: 91.176, precision: 87.302, recall: 98.214 F1: 92.437, AUC: 0.904

epochs_no_improve: 9/50

Epoch: 25 TRAIN Loss: 0.14503, accuracy: 94.482, precision: 95.491, recall: 97.912 F1: 96.686, AUC: 0.883
Epoch: 25 VALID Loss: 0.20441, accuracy: 92.157, precision: 90.000, recall: 96.429 F1: 93.103, AUC: 0.917

epochs_no_improve: 10/50

Epoch: 26 TRAIN Loss: 0.15024, accuracy: 94.666, precision: 95.833, recall: 97.763 F1: 96.788, AUC: 0.891
Epoch: 26 VALID Loss: 0.18108, accuracy: 93.137, precision: 92.241, recall: 95.536 F1: 93.860, AUC: 0.929

epochs_no_improve: 11/50

Epoch: 27 TRAIN Loss: 0.11329, accuracy: 96.137, precision: 97.054, recall: 98.285 F1: 97.666, AUC: 0.922
Epoch: 27 VALID Loss: 0.16306, accuracy: 93.137, precision: 92.241, recall: 95.536 F1: 93.860, AUC: 0.929

epochs_no_improve: 12/50

Epoch: 28 TRAIN Loss: 0.10619, accuracy: 96.076, precision: 96.845, recall: 98.434 F1: 97.633, AUC: 0.918
Epoch: 28 VALID Loss: 0.17226, accuracy: 92.647, precision: 90.756, recall: 96.429 F1: 93.506, AUC: 0.922

epochs_no_improve: 13/50

Epoch: 29 TRAIN Loss: 0.10357, accuracy: 96.199, precision: 96.919, recall: 98.509 F1: 97.707, AUC: 0.920
Epoch: 29 VALID Loss: 0.17856, accuracy: 93.137, precision: 91.525, recall: 96.429 F1: 93.913, AUC: 0.928

epochs_no_improve: 14/50

Epoch: 30 TRAIN Loss: 0.09914, accuracy: 96.444, precision: 97.273, recall: 98.434 F1: 97.850, AUC: 0.928
Epoch: 30 VALID Loss: 0.16314, accuracy: 92.157, precision: 90.678, recall: 95.536 F1: 93.043, AUC: 0.918

epochs_no_improve: 15/50

Epoch: 31 TRAIN Loss: 0.10031, accuracy: 96.321, precision: 97.061, recall: 98.509 F1: 97.779, AUC: 0.924
Epoch: 31 VALID Loss: 0.18049, accuracy: 92.647, precision: 90.756, recall: 96.429 F1: 93.506, AUC: 0.922

epochs_no_improve: 16/50

Epoch: 32 TRAIN Loss: 0.09940, accuracy: 96.383, precision: 97.132, recall: 98.509 F1: 97.816, AUC: 0.925
Epoch: 32 VALID Loss: 0.16874, accuracy: 93.137, precision: 92.241, recall: 95.536 F1: 93.860, AUC: 0.929

epochs_no_improve: 17/50

Epoch: 33 TRAIN Loss: 0.09777, accuracy: 96.567, precision: 97.347, recall: 98.509 F1: 97.924, AUC: 0.930
Epoch: 33 VALID Loss: 0.17694, accuracy: 92.157, precision: 90.000, recall: 96.429 F1: 93.103, AUC: 0.917

epochs_no_improve: 18/50

Epoch: 34 TRAIN Loss: 0.09416, accuracy: 96.750, precision: 97.423, recall: 98.658 F1: 98.036, AUC: 0.933
Epoch: 34 VALID Loss: 0.18320, accuracy: 92.647, precision: 90.083, recall: 97.321 F1: 93.562, AUC: 0.921

epochs_no_improve: 19/50

Epoch: 35 TRAIN Loss: 0.10204, accuracy: 96.689, precision: 97.561, recall: 98.434 F1: 97.996, AUC: 0.935
Epoch: 35 VALID Loss: 0.16752, accuracy: 92.647, precision: 91.453, recall: 95.536 F1: 93.450, AUC: 0.923

epochs_no_improve: 20/50

Epoch: 36 TRAIN Loss: 0.09549, accuracy: 96.567, precision: 97.208, recall: 98.658 F1: 97.927, AUC: 0.928
Epoch: 36 VALID Loss: 0.15715, accuracy: 94.118, precision: 93.860, recall: 95.536 F1: 94.690, AUC: 0.940

Epoch: 37 TRAIN Loss: 0.09242, accuracy: 96.996, precision: 97.640, recall: 98.732 F1: 98.183, AUC: 0.938
Epoch: 37 VALID Loss: 0.18354, accuracy: 92.157, precision: 90.000, recall: 96.429 F1: 93.103, AUC: 0.917

epochs_no_improve: 1/50

Epoch: 38 TRAIN Loss: 0.08893, accuracy: 96.996, precision: 97.923, recall: 98.434 F1: 98.178, AUC: 0.944
Epoch: 38 VALID Loss: 0.20359, accuracy: 92.157, precision: 89.344, recall: 97.321 F1: 93.162, AUC: 0.916

epochs_no_improve: 2/50

Epoch: 39 TRAIN Loss: 0.09115, accuracy: 96.996, precision: 97.500, recall: 98.881 F1: 98.186, AUC: 0.936
Epoch: 39 VALID Loss: 0.16081, accuracy: 92.647, precision: 91.453, recall: 95.536 F1: 93.450, AUC: 0.923

epochs_no_improve: 3/50

Epoch: 40 TRAIN Loss: 0.08785, accuracy: 97.057, precision: 97.712, recall: 98.732 F1: 98.220, AUC: 0.940
Epoch: 40 VALID Loss: 0.18240, accuracy: 92.157, precision: 90.000, recall: 96.429 F1: 93.103, AUC: 0.917

epochs_no_improve: 4/50

Epoch: 41 TRAIN Loss: 0.08554, accuracy: 97.057, precision: 97.783, recall: 98.658 F1: 98.218, AUC: 0.942
Epoch: 41 VALID Loss: 0.18545, accuracy: 92.647, precision: 90.756, recall: 96.429 F1: 93.506, AUC: 0.922

epochs_no_improve: 5/50

Epoch: 42 TRAIN Loss: 0.08624, accuracy: 97.302, precision: 97.789, recall: 98.956 F1: 98.369, AUC: 0.943
Epoch: 42 VALID Loss: 0.19522, accuracy: 91.667, precision: 89.256, recall: 96.429 F1: 92.704, AUC: 0.911

epochs_no_improve: 6/50

Epoch: 43 TRAIN Loss: 0.08091, accuracy: 97.302, precision: 97.931, recall: 98.807 F1: 98.367, AUC: 0.946
Epoch: 43 VALID Loss: 0.16945, accuracy: 93.137, precision: 92.241, recall: 95.536 F1: 93.860, AUC: 0.929

epochs_no_improve: 7/50

Epoch: 44 TRAIN Loss: 0.08212, accuracy: 97.118, precision: 97.997, recall: 98.509 F1: 98.252, AUC: 0.946
Epoch: 44 VALID Loss: 0.15728, accuracy: 94.118, precision: 93.860, recall: 95.536 F1: 94.690, AUC: 0.940

epochs_no_improve: 8/50

Epoch: 45 TRAIN Loss: 0.08502, accuracy: 96.689, precision: 97.491, recall: 98.509 F1: 97.997, AUC: 0.934
Epoch: 45 VALID Loss: 0.15898, accuracy: 93.627, precision: 93.043, recall: 95.536 F1: 94.273, AUC: 0.934

epochs_no_improve: 9/50

Epoch: 46 TRAIN Loss: 0.07820, accuracy: 97.302, precision: 98.073, recall: 98.658 F1: 98.364, AUC: 0.948
Epoch: 46 VALID Loss: 0.19860, accuracy: 92.157, precision: 90.000, recall: 96.429 F1: 93.103, AUC: 0.917

epochs_no_improve: 10/50

Epoch: 47 TRAIN Loss: 0.07780, accuracy: 97.364, precision: 97.861, recall: 98.956 F1: 98.406, AUC: 0.945
Epoch: 47 VALID Loss: 0.18106, accuracy: 92.647, precision: 90.756, recall: 96.429 F1: 93.506, AUC: 0.922

epochs_no_improve: 11/50

Epoch: 48 TRAIN Loss: 0.07496, accuracy: 97.425, precision: 98.004, recall: 98.881 F1: 98.441, AUC: 0.948
Epoch: 48 VALID Loss: 0.18957, accuracy: 92.647, precision: 90.756, recall: 96.429 F1: 93.506, AUC: 0.922

epochs_no_improve: 12/50

Epoch: 49 TRAIN Loss: 0.07427, accuracy: 97.425, precision: 98.004, recall: 98.881 F1: 98.441, AUC: 0.948
Epoch: 49 VALID Loss: 0.18400, accuracy: 92.157, precision: 90.678, recall: 95.536 F1: 93.043, AUC: 0.918

epochs_no_improve: 13/50

Epoch: 50 TRAIN Loss: 0.07361, accuracy: 97.302, precision: 97.860, recall: 98.881 F1: 98.368, AUC: 0.944
Epoch: 50 VALID Loss: 0.18652, accuracy: 92.157, precision: 90.678, recall: 95.536 F1: 93.043, AUC: 0.918

epochs_no_improve: 14/50

Epoch: 51 TRAIN Loss: 0.07319, accuracy: 97.548, precision: 98.150, recall: 98.881 F1: 98.514, AUC: 0.951
Epoch: 51 VALID Loss: 0.18287, accuracy: 92.157, precision: 90.678, recall: 95.536 F1: 93.043, AUC: 0.918

epochs_no_improve: 15/50

Epoch: 52 TRAIN Loss: 0.07270, accuracy: 97.486, precision: 98.006, recall: 98.956 F1: 98.479, AUC: 0.948
Epoch: 52 VALID Loss: 0.18864, accuracy: 92.157, precision: 90.678, recall: 95.536 F1: 93.043, AUC: 0.918

epochs_no_improve: 16/50

Epoch: 53 TRAIN Loss: 0.07271, accuracy: 97.425, precision: 97.863, recall: 99.031 F1: 98.443, AUC: 0.945
Epoch: 53 VALID Loss: 0.18707, accuracy: 92.157, precision: 90.678, recall: 95.536 F1: 93.043, AUC: 0.918

epochs_no_improve: 17/50

Epoch: 54 TRAIN Loss: 0.07347, accuracy: 97.364, precision: 98.145, recall: 98.658 F1: 98.401, AUC: 0.950
Epoch: 54 VALID Loss: 0.18041, accuracy: 92.157, precision: 90.678, recall: 95.536 F1: 93.043, AUC: 0.918

epochs_no_improve: 18/50

Epoch: 55 TRAIN Loss: 0.07331, accuracy: 97.241, precision: 97.788, recall: 98.881 F1: 98.331, AUC: 0.943
Epoch: 55 VALID Loss: 0.19007, accuracy: 92.157, precision: 90.678, recall: 95.536 F1: 93.043, AUC: 0.918

epochs_no_improve: 19/50

Epoch: 56 TRAIN Loss: 0.07221, accuracy: 97.425, precision: 98.075, recall: 98.807 F1: 98.440, AUC: 0.949
Epoch: 56 VALID Loss: 0.18410, accuracy: 92.157, precision: 90.678, recall: 95.536 F1: 93.043, AUC: 0.918

epochs_no_improve: 20/50

Epoch: 57 TRAIN Loss: 0.07198, accuracy: 97.486, precision: 97.935, recall: 99.031 F1: 98.480, AUC: 0.947
Epoch: 57 VALID Loss: 0.18884, accuracy: 92.157, precision: 90.678, recall: 95.536 F1: 93.043, AUC: 0.918

epochs_no_improve: 21/50

Epoch: 58 TRAIN Loss: 0.07221, accuracy: 97.425, precision: 97.863, recall: 99.031 F1: 98.443, AUC: 0.945
Epoch: 58 VALID Loss: 0.18861, accuracy: 92.157, precision: 90.678, recall: 95.536 F1: 93.043, AUC: 0.918

epochs_no_improve: 22/50

Epoch: 59 TRAIN Loss: 0.07191, accuracy: 97.425, precision: 97.863, recall: 99.031 F1: 98.443, AUC: 0.945
Epoch: 59 VALID Loss: 0.19360, accuracy: 91.667, precision: 89.916, recall: 95.536 F1: 92.641, AUC: 0.912

epochs_no_improve: 23/50

Epoch: 60 TRAIN Loss: 0.07177, accuracy: 97.425, precision: 97.863, recall: 99.031 F1: 98.443, AUC: 0.945
Epoch: 60 VALID Loss: 0.18714, accuracy: 92.157, precision: 90.678, recall: 95.536 F1: 93.043, AUC: 0.918

epochs_no_improve: 24/50

Epoch: 61 TRAIN Loss: 0.07159, accuracy: 97.486, precision: 98.006, recall: 98.956 F1: 98.479, AUC: 0.948
Epoch: 61 VALID Loss: 0.18389, accuracy: 92.157, precision: 90.678, recall: 95.536 F1: 93.043, AUC: 0.918

epochs_no_improve: 25/50

Epoch: 62 TRAIN Loss: 0.07150, accuracy: 97.425, precision: 97.934, recall: 98.956 F1: 98.442, AUC: 0.947
Epoch: 62 VALID Loss: 0.18969, accuracy: 92.157, precision: 90.678, recall: 95.536 F1: 93.043, AUC: 0.918

epochs_no_improve: 26/50

Epoch: 63 TRAIN Loss: 0.07171, accuracy: 97.425, precision: 97.863, recall: 99.031 F1: 98.443, AUC: 0.945
Epoch: 63 VALID Loss: 0.18967, accuracy: 92.157, precision: 90.678, recall: 95.536 F1: 93.043, AUC: 0.918

epochs_no_improve: 27/50

Epoch: 64 TRAIN Loss: 0.07125, accuracy: 97.486, precision: 97.935, recall: 99.031 F1: 98.480, AUC: 0.947
Epoch: 64 VALID Loss: 0.19174, accuracy: 91.667, precision: 89.916, recall: 95.536 F1: 92.641, AUC: 0.912

epochs_no_improve: 28/50

Epoch: 65 TRAIN Loss: 0.07116, accuracy: 97.425, precision: 97.934, recall: 98.956 F1: 98.442, AUC: 0.947
Epoch: 65 VALID Loss: 0.18950, accuracy: 92.157, precision: 90.678, recall: 95.536 F1: 93.043, AUC: 0.918

epochs_no_improve: 29/50

Epoch: 66 TRAIN Loss: 0.07107, accuracy: 97.425, precision: 97.863, recall: 99.031 F1: 98.443, AUC: 0.945
Epoch: 66 VALID Loss: 0.19302, accuracy: 91.667, precision: 89.916, recall: 95.536 F1: 92.641, AUC: 0.912

epochs_no_improve: 30/50

Epoch: 67 TRAIN Loss: 0.07117, accuracy: 97.486, precision: 97.935, recall: 99.031 F1: 98.480, AUC: 0.947
Epoch: 67 VALID Loss: 0.19011, accuracy: 92.157, precision: 90.678, recall: 95.536 F1: 93.043, AUC: 0.918

epochs_no_improve: 31/50

Epoch: 68 TRAIN Loss: 0.07090, accuracy: 97.486, precision: 97.935, recall: 99.031 F1: 98.480, AUC: 0.947
Epoch: 68 VALID Loss: 0.18770, accuracy: 92.157, precision: 90.678, recall: 95.536 F1: 93.043, AUC: 0.918

epochs_no_improve: 32/50

Epoch: 69 TRAIN Loss: 0.07068, accuracy: 97.425, precision: 98.075, recall: 98.807 F1: 98.440, AUC: 0.949
Epoch: 69 VALID Loss: 0.18509, accuracy: 92.157, precision: 90.678, recall: 95.536 F1: 93.043, AUC: 0.918

epochs_no_improve: 33/50

Epoch: 70 TRAIN Loss: 0.07063, accuracy: 97.548, precision: 98.007, recall: 99.031 F1: 98.516, AUC: 0.949
Epoch: 70 VALID Loss: 0.19205, accuracy: 92.157, precision: 90.678, recall: 95.536 F1: 93.043, AUC: 0.918

epochs_no_improve: 34/50

Epoch: 71 TRAIN Loss: 0.07039, accuracy: 97.609, precision: 98.080, recall: 99.031 F1: 98.553, AUC: 0.950
Epoch: 71 VALID Loss: 0.19093, accuracy: 92.157, precision: 90.678, recall: 95.536 F1: 93.043, AUC: 0.918

epochs_no_improve: 35/50

Epoch: 72 TRAIN Loss: 0.07046, accuracy: 97.425, precision: 97.863, recall: 99.031 F1: 98.443, AUC: 0.945
Epoch: 72 VALID Loss: 0.19642, accuracy: 91.667, precision: 89.916, recall: 95.536 F1: 92.641, AUC: 0.912

epochs_no_improve: 36/50

Epoch: 73 TRAIN Loss: 0.07022, accuracy: 97.486, precision: 97.935, recall: 99.031 F1: 98.480, AUC: 0.947
Epoch: 73 VALID Loss: 0.18998, accuracy: 92.157, precision: 90.678, recall: 95.536 F1: 93.043, AUC: 0.918

epochs_no_improve: 37/50

Epoch: 74 TRAIN Loss: 0.06974, accuracy: 97.670, precision: 98.152, recall: 99.031 F1: 98.589, AUC: 0.952
Epoch: 74 VALID Loss: 0.18800, accuracy: 92.157, precision: 90.678, recall: 95.536 F1: 93.043, AUC: 0.918

epochs_no_improve: 38/50

Epoch: 75 TRAIN Loss: 0.06970, accuracy: 97.670, precision: 98.152, recall: 99.031 F1: 98.589, AUC: 0.952
Epoch: 75 VALID Loss: 0.19273, accuracy: 91.667, precision: 89.916, recall: 95.536 F1: 92.641, AUC: 0.912

epochs_no_improve: 39/50

Epoch: 76 TRAIN Loss: 0.06988, accuracy: 97.486, precision: 97.935, recall: 99.031 F1: 98.480, AUC: 0.947
Epoch: 76 VALID Loss: 0.19197, accuracy: 92.157, precision: 90.678, recall: 95.536 F1: 93.043, AUC: 0.918

epochs_no_improve: 40/50

Epoch: 77 TRAIN Loss: 0.06961, accuracy: 97.548, precision: 98.007, recall: 99.031 F1: 98.516, AUC: 0.949
Epoch: 77 VALID Loss: 0.18985, accuracy: 92.157, precision: 90.678, recall: 95.536 F1: 93.043, AUC: 0.918

epochs_no_improve: 41/50

Epoch: 78 TRAIN Loss: 0.06977, accuracy: 97.548, precision: 98.150, recall: 98.881 F1: 98.514, AUC: 0.951
Epoch: 78 VALID Loss: 0.18764, accuracy: 92.157, precision: 90.678, recall: 95.536 F1: 93.043, AUC: 0.918

epochs_no_improve: 42/50

Epoch: 79 TRAIN Loss: 0.06926, accuracy: 97.609, precision: 98.080, recall: 99.031 F1: 98.553, AUC: 0.950
Epoch: 79 VALID Loss: 0.19085, accuracy: 92.157, precision: 90.678, recall: 95.536 F1: 93.043, AUC: 0.918

epochs_no_improve: 43/50

Epoch: 80 TRAIN Loss: 0.06933, accuracy: 97.548, precision: 98.007, recall: 99.031 F1: 98.516, AUC: 0.949
Epoch: 80 VALID Loss: 0.18788, accuracy: 92.157, precision: 90.678, recall: 95.536 F1: 93.043, AUC: 0.918

epochs_no_improve: 44/50

Epoch: 81 TRAIN Loss: 0.06950, accuracy: 97.548, precision: 98.150, recall: 98.881 F1: 98.514, AUC: 0.951
Epoch: 81 VALID Loss: 0.18781, accuracy: 92.157, precision: 90.678, recall: 95.536 F1: 93.043, AUC: 0.918

epochs_no_improve: 45/50

Epoch: 82 TRAIN Loss: 0.06899, accuracy: 97.609, precision: 98.080, recall: 99.031 F1: 98.553, AUC: 0.950
Epoch: 82 VALID Loss: 0.19297, accuracy: 92.157, precision: 90.678, recall: 95.536 F1: 93.043, AUC: 0.918

epochs_no_improve: 46/50

Epoch: 83 TRAIN Loss: 0.06889, accuracy: 97.548, precision: 98.007, recall: 99.031 F1: 98.516, AUC: 0.949
Epoch: 83 VALID Loss: 0.18990, accuracy: 92.157, precision: 90.678, recall: 95.536 F1: 93.043, AUC: 0.918

epochs_no_improve: 47/50

Epoch: 84 TRAIN Loss: 0.06902, accuracy: 97.486, precision: 98.148, recall: 98.807 F1: 98.476, AUC: 0.951
Epoch: 84 VALID Loss: 0.18756, accuracy: 92.157, precision: 90.678, recall: 95.536 F1: 93.043, AUC: 0.918

epochs_no_improve: 48/50

Epoch: 85 TRAIN Loss: 0.06894, accuracy: 97.670, precision: 98.152, recall: 99.031 F1: 98.589, AUC: 0.952
Epoch: 85 VALID Loss: 0.19133, accuracy: 92.157, precision: 90.678, recall: 95.536 F1: 93.043, AUC: 0.918

epochs_no_improve: 49/50

Epoch: 86 TRAIN Loss: 0.06844, accuracy: 97.548, precision: 98.007, recall: 99.031 F1: 98.516, AUC: 0.949
Epoch: 86 VALID Loss: 0.18582, accuracy: 92.157, precision: 90.678, recall: 95.536 F1: 93.043, AUC: 0.918

epochs_no_improve: 50/50

Early stopping!
Save model from last epoch

BEST
TEST - Loss: 1.10950, accuracy: 66.667, precision: 63.087, recall: 87.850 F1: 73.438, AUC: 0.656
mean and std over 3 runs
mean: 64.869, std: 2.542 - accuracy [61.2745098  66.66666667 66.66666667]
mean: 61.753, std: 2.286 - precision [58.53658537 63.63636364 63.08724832]
mean: 87.539, std: 1.920 - recall [89.71962617 85.04672897 87.85046729]
mean: 72.362, std: 1.101 - F1 [70.84870849 72.8        73.4375    ]
mean: 0.637, std: 0.028 - AUC [0.59808267 0.65719241 0.65574718]

DELETE: ../experiments/BBBP/default_scaffold_2/repeat_3/default_scaffold_2_best.pt

LAST
TEST - Loss: 1.43555, accuracy: 62.255, precision: 59.375, recall: 88.785 F1: 71.161, AUC: 0.609
mean and std over 3 runs
mean: 62.582, std: 0.462 - accuracy [62.25490196 63.23529412 62.25490196]
mean: 59.545, std: 0.325 - precision [59.25925926 60.         59.375     ]
mean: 89.408, std: 0.441 - recall [89.71962617 89.71962617 88.78504673]
mean: 71.482, std: 0.315 - F1 [71.37546468 71.91011236 71.16104869]
mean: 0.612, std: 0.005 - AUC [0.60839195 0.61870122 0.60887369]

DELETE: ../experiments/BBBP/default_scaffold_2/repeat_3/default_scaffold_2_last.pt
