Epoch: 1 TRAIN Loss: 0.41834, accuracy: 83.262, precision: 83.969, recall: 98.434 F1: 90.628, AUC: 0.558
Epoch: 1 VALID Loss: 0.45817, accuracy: 78.431, precision: 72.368, recall: 98.214 F1: 83.333, AUC: 0.763

Epoch: 2 TRAIN Loss: 0.33312, accuracy: 87.002, precision: 88.219, recall: 97.166 F1: 92.477, AUC: 0.686
Epoch: 2 VALID Loss: 0.34281, accuracy: 89.216, precision: 90.179, recall: 90.179 F1: 90.179, AUC: 0.891

Epoch: 3 TRAIN Loss: 0.34645, accuracy: 86.879, precision: 88.889, recall: 96.048 F1: 92.330, AUC: 0.703
Epoch: 3 VALID Loss: 0.34203, accuracy: 89.706, precision: 86.992, recall: 95.536 F1: 91.064, AUC: 0.891

epochs_no_improve: 1/50

Epoch: 4 TRAIN Loss: 0.31036, accuracy: 88.903, precision: 89.726, recall: 97.688 F1: 93.538, AUC: 0.730
Epoch: 4 VALID Loss: 0.34655, accuracy: 89.216, precision: 85.156, recall: 97.321 F1: 90.833, AUC: 0.883

epochs_no_improve: 2/50

Epoch: 5 TRAIN Loss: 0.30312, accuracy: 88.473, precision: 90.287, recall: 96.346 F1: 93.218, AUC: 0.742
Epoch: 5 VALID Loss: 0.29149, accuracy: 88.725, precision: 94.059, recall: 84.821 F1: 89.202, AUC: 0.891

Epoch: 6 TRAIN Loss: 0.32885, accuracy: 87.615, precision: 90.191, recall: 95.302 F1: 92.676, AUC: 0.737
Epoch: 6 VALID Loss: 0.26906, accuracy: 90.196, precision: 93.396, recall: 88.393 F1: 90.826, AUC: 0.904

Epoch: 7 TRAIN Loss: 0.29293, accuracy: 89.086, precision: 91.506, recall: 95.600 F1: 93.508, AUC: 0.773
Epoch: 7 VALID Loss: 0.28787, accuracy: 91.667, precision: 89.256, recall: 96.429 F1: 92.704, AUC: 0.911

Epoch: 8 TRAIN Loss: 0.27088, accuracy: 90.251, precision: 91.329, recall: 97.390 F1: 94.262, AUC: 0.773
Epoch: 8 VALID Loss: 0.28996, accuracy: 90.196, precision: 85.938, recall: 98.214 F1: 91.667, AUC: 0.893

epochs_no_improve: 1/50

Epoch: 9 TRAIN Loss: 0.26547, accuracy: 90.313, precision: 91.162, recall: 97.688 F1: 94.312, AUC: 0.769
Epoch: 9 VALID Loss: 0.22557, accuracy: 90.686, precision: 93.458, recall: 89.286 F1: 91.324, AUC: 0.908

epochs_no_improve: 2/50

Epoch: 10 TRAIN Loss: 0.26066, accuracy: 90.497, precision: 91.997, recall: 96.868 F1: 94.370, AUC: 0.790
Epoch: 10 VALID Loss: 0.25185, accuracy: 91.176, precision: 87.302, recall: 98.214 F1: 92.437, AUC: 0.904

epochs_no_improve: 3/50

Epoch: 11 TRAIN Loss: 0.23321, accuracy: 91.662, precision: 92.761, recall: 97.465 F1: 95.055, AUC: 0.811
Epoch: 11 VALID Loss: 0.23915, accuracy: 91.667, precision: 89.256, recall: 96.429 F1: 92.704, AUC: 0.911

epochs_no_improve: 4/50

Epoch: 12 TRAIN Loss: 0.26906, accuracy: 89.945, precision: 92.862, recall: 95.078 F1: 93.957, AUC: 0.806
Epoch: 12 VALID Loss: 0.22345, accuracy: 90.686, precision: 91.892, recall: 91.071 F1: 91.480, AUC: 0.906

epochs_no_improve: 5/50

Epoch: 13 TRAIN Loss: 0.26044, accuracy: 90.129, precision: 91.433, recall: 97.092 F1: 94.177, AUC: 0.775
Epoch: 13 VALID Loss: 0.21159, accuracy: 91.667, precision: 94.393, recall: 90.179 F1: 92.237, AUC: 0.918

Epoch: 14 TRAIN Loss: 0.23398, accuracy: 91.478, precision: 92.444, recall: 97.614 F1: 94.958, AUC: 0.804
Epoch: 14 VALID Loss: 0.20754, accuracy: 93.627, precision: 91.597, recall: 97.321 F1: 94.372, AUC: 0.932

Epoch: 15 TRAIN Loss: 0.24518, accuracy: 91.355, precision: 92.980, recall: 96.793 F1: 94.848, AUC: 0.815
Epoch: 15 VALID Loss: 0.19215, accuracy: 91.667, precision: 92.035, recall: 92.857 F1: 92.444, AUC: 0.915

epochs_no_improve: 1/50

Epoch: 16 TRAIN Loss: 0.20565, accuracy: 92.581, precision: 93.885, recall: 97.315 F1: 95.569, AUC: 0.840
Epoch: 16 VALID Loss: 0.19666, accuracy: 92.647, precision: 92.920, recall: 93.750 F1: 93.333, AUC: 0.925

epochs_no_improve: 2/50

Epoch: 17 TRAIN Loss: 0.21931, accuracy: 92.336, precision: 93.931, recall: 96.943 F1: 95.413, AUC: 0.840
Epoch: 17 VALID Loss: 0.22793, accuracy: 92.157, precision: 88.710, recall: 98.214 F1: 93.220, AUC: 0.915

epochs_no_improve: 3/50

Epoch: 18 TRAIN Loss: 0.19180, accuracy: 92.949, precision: 93.661, recall: 98.061 F1: 95.811, AUC: 0.837
Epoch: 18 VALID Loss: 0.17804, accuracy: 92.647, precision: 92.174, recall: 94.643 F1: 93.392, AUC: 0.924

epochs_no_improve: 4/50

Epoch: 19 TRAIN Loss: 0.19092, accuracy: 93.194, precision: 94.245, recall: 97.688 F1: 95.936, AUC: 0.851
Epoch: 19 VALID Loss: 0.21632, accuracy: 93.627, precision: 90.909, recall: 98.214 F1: 94.421, AUC: 0.931

epochs_no_improve: 5/50

Epoch: 20 TRAIN Loss: 0.19611, accuracy: 93.501, precision: 94.013, recall: 98.359 F1: 96.137, AUC: 0.847
Epoch: 20 VALID Loss: 0.20835, accuracy: 91.176, precision: 92.727, recall: 91.071 F1: 91.892, AUC: 0.912

epochs_no_improve: 6/50

Epoch: 21 TRAIN Loss: 0.18353, accuracy: 92.888, precision: 94.741, recall: 96.719 F1: 95.720, AUC: 0.859
Epoch: 21 VALID Loss: 0.21456, accuracy: 93.627, precision: 90.909, recall: 98.214 F1: 94.421, AUC: 0.931

epochs_no_improve: 7/50

Epoch: 22 TRAIN Loss: 0.16945, accuracy: 93.133, precision: 94.691, recall: 97.092 F1: 95.876, AUC: 0.860
Epoch: 22 VALID Loss: 0.23915, accuracy: 90.686, precision: 94.286, recall: 88.393 F1: 91.244, AUC: 0.909

epochs_no_improve: 8/50

Epoch: 23 TRAIN Loss: 0.18301, accuracy: 92.459, precision: 95.721, recall: 95.078 F1: 95.398, AUC: 0.877
Epoch: 23 VALID Loss: 0.18632, accuracy: 94.118, precision: 91.667, recall: 98.214 F1: 94.828, AUC: 0.937

Epoch: 24 TRAIN Loss: 0.16606, accuracy: 94.359, precision: 95.155, recall: 98.136 F1: 96.623, AUC: 0.875
Epoch: 24 VALID Loss: 0.19404, accuracy: 92.157, precision: 92.105, recall: 93.750 F1: 92.920, AUC: 0.920

epochs_no_improve: 1/50

Epoch: 25 TRAIN Loss: 0.17419, accuracy: 93.807, precision: 94.540, recall: 98.136 F1: 96.304, AUC: 0.860
Epoch: 25 VALID Loss: 0.19451, accuracy: 94.608, precision: 93.162, recall: 97.321 F1: 95.197, AUC: 0.943

Epoch: 26 TRAIN Loss: 0.18493, accuracy: 92.765, precision: 95.805, recall: 95.377 F1: 95.590, AUC: 0.880
Epoch: 26 VALID Loss: 0.24268, accuracy: 89.706, precision: 92.523, recall: 88.393 F1: 90.411, AUC: 0.898

epochs_no_improve: 1/50

Epoch: 27 TRAIN Loss: 0.21264, accuracy: 91.907, precision: 93.271, recall: 97.166 F1: 95.179, AUC: 0.824
Epoch: 27 VALID Loss: 0.20861, accuracy: 93.627, precision: 92.308, recall: 96.429 F1: 94.323, AUC: 0.933

epochs_no_improve: 2/50

Epoch: 28 TRAIN Loss: 0.13946, accuracy: 94.911, precision: 95.712, recall: 98.210 F1: 96.945, AUC: 0.889
Epoch: 28 VALID Loss: 0.19112, accuracy: 94.118, precision: 92.373, recall: 97.321 F1: 94.783, AUC: 0.938

epochs_no_improve: 3/50

Epoch: 29 TRAIN Loss: 0.13381, accuracy: 95.463, precision: 96.684, recall: 97.837 F1: 97.257, AUC: 0.912
Epoch: 29 VALID Loss: 0.16368, accuracy: 92.647, precision: 92.174, recall: 94.643 F1: 93.392, AUC: 0.924

epochs_no_improve: 4/50

Epoch: 30 TRAIN Loss: 0.13873, accuracy: 95.279, precision: 96.266, recall: 98.061 F1: 97.156, AUC: 0.902
Epoch: 30 VALID Loss: 0.22771, accuracy: 91.176, precision: 91.964, recall: 91.964 F1: 91.964, AUC: 0.911

epochs_no_improve: 5/50

Epoch: 31 TRAIN Loss: 0.13866, accuracy: 95.156, precision: 96.810, recall: 97.315 F1: 97.062, AUC: 0.912
Epoch: 31 VALID Loss: 0.22236, accuracy: 92.157, precision: 92.105, recall: 93.750 F1: 92.920, AUC: 0.920

epochs_no_improve: 6/50

Epoch: 32 TRAIN Loss: 0.11051, accuracy: 96.015, precision: 97.189, recall: 97.987 F1: 97.586, AUC: 0.924
Epoch: 32 VALID Loss: 0.19617, accuracy: 92.647, precision: 90.083, recall: 97.321 F1: 93.562, AUC: 0.921

epochs_no_improve: 7/50

Epoch: 33 TRAIN Loss: 0.11016, accuracy: 95.524, precision: 96.481, recall: 98.136 F1: 97.301, AUC: 0.908
Epoch: 33 VALID Loss: 0.23656, accuracy: 92.157, precision: 88.710, recall: 98.214 F1: 93.220, AUC: 0.915

epochs_no_improve: 8/50

Epoch: 34 TRAIN Loss: 0.10842, accuracy: 95.953, precision: 96.772, recall: 98.359 F1: 97.559, AUC: 0.916
Epoch: 34 VALID Loss: 0.17622, accuracy: 92.647, precision: 92.920, recall: 93.750 F1: 93.333, AUC: 0.925

epochs_no_improve: 9/50

Epoch: 35 TRAIN Loss: 0.12129, accuracy: 95.463, precision: 96.891, recall: 97.614 F1: 97.251, AUC: 0.916
Epoch: 35 VALID Loss: 0.20616, accuracy: 93.627, precision: 89.600, recall: 100.000 F1: 94.515, AUC: 0.929

epochs_no_improve: 10/50

Epoch: 36 TRAIN Loss: 0.10006, accuracy: 96.444, precision: 97.065, recall: 98.658 F1: 97.855, AUC: 0.924
Epoch: 36 VALID Loss: 0.23450, accuracy: 92.647, precision: 89.431, recall: 98.214 F1: 93.617, AUC: 0.920

epochs_no_improve: 11/50

Epoch: 37 TRAIN Loss: 0.06954, accuracy: 97.854, precision: 98.085, recall: 99.329 F1: 98.703, AUC: 0.952
Epoch: 37 VALID Loss: 0.20003, accuracy: 93.137, precision: 91.525, recall: 96.429 F1: 93.913, AUC: 0.928

epochs_no_improve: 12/50

Epoch: 38 TRAIN Loss: 0.06301, accuracy: 97.977, precision: 98.301, recall: 99.254 F1: 98.776, AUC: 0.957
Epoch: 38 VALID Loss: 0.19714, accuracy: 94.118, precision: 90.984, recall: 99.107 F1: 94.872, AUC: 0.936

epochs_no_improve: 13/50

Epoch: 39 TRAIN Loss: 0.06378, accuracy: 97.793, precision: 98.513, recall: 98.807 F1: 98.660, AUC: 0.960
Epoch: 39 VALID Loss: 0.20476, accuracy: 93.137, precision: 90.833, recall: 97.321 F1: 93.966, AUC: 0.927

epochs_no_improve: 14/50

Epoch: 40 TRAIN Loss: 0.06113, accuracy: 98.038, precision: 98.374, recall: 99.254 F1: 98.812, AUC: 0.958
Epoch: 40 VALID Loss: 0.19143, accuracy: 93.137, precision: 90.833, recall: 97.321 F1: 93.966, AUC: 0.927

epochs_no_improve: 15/50

Epoch: 41 TRAIN Loss: 0.05768, accuracy: 97.915, precision: 98.372, recall: 99.105 F1: 98.737, AUC: 0.958
Epoch: 41 VALID Loss: 0.20357, accuracy: 94.118, precision: 91.667, recall: 98.214 F1: 94.828, AUC: 0.937

epochs_no_improve: 16/50

Epoch: 42 TRAIN Loss: 0.05604, accuracy: 98.038, precision: 98.517, recall: 99.105 F1: 98.810, AUC: 0.961
Epoch: 42 VALID Loss: 0.21242, accuracy: 93.627, precision: 90.909, recall: 98.214 F1: 94.421, AUC: 0.931

epochs_no_improve: 17/50

Epoch: 43 TRAIN Loss: 0.05904, accuracy: 98.099, precision: 98.375, recall: 99.329 F1: 98.850, AUC: 0.959
Epoch: 43 VALID Loss: 0.24082, accuracy: 92.647, precision: 88.800, recall: 99.107 F1: 93.671, AUC: 0.919

epochs_no_improve: 18/50

Epoch: 44 TRAIN Loss: 0.05619, accuracy: 98.099, precision: 98.663, recall: 99.031 F1: 98.846, AUC: 0.964
Epoch: 44 VALID Loss: 0.20686, accuracy: 93.137, precision: 90.833, recall: 97.321 F1: 93.966, AUC: 0.927

epochs_no_improve: 19/50

Epoch: 45 TRAIN Loss: 0.05494, accuracy: 98.038, precision: 98.446, recall: 99.180 F1: 98.811, AUC: 0.960
Epoch: 45 VALID Loss: 0.20101, accuracy: 93.137, precision: 90.833, recall: 97.321 F1: 93.966, AUC: 0.927

epochs_no_improve: 20/50

Epoch: 46 TRAIN Loss: 0.05374, accuracy: 98.283, precision: 98.522, recall: 99.403 F1: 98.961, AUC: 0.963
Epoch: 46 VALID Loss: 0.21381, accuracy: 92.647, precision: 90.083, recall: 97.321 F1: 93.562, AUC: 0.921

epochs_no_improve: 21/50

Epoch: 47 TRAIN Loss: 0.05656, accuracy: 98.099, precision: 98.591, recall: 99.105 F1: 98.847, AUC: 0.963
Epoch: 47 VALID Loss: 0.19049, accuracy: 93.627, precision: 92.308, recall: 96.429 F1: 94.323, AUC: 0.933

epochs_no_improve: 22/50

Epoch: 48 TRAIN Loss: 0.05064, accuracy: 98.222, precision: 99.102, recall: 98.732 F1: 98.917, AUC: 0.973
Epoch: 48 VALID Loss: 0.19831, accuracy: 93.137, precision: 91.525, recall: 96.429 F1: 93.913, AUC: 0.928

epochs_no_improve: 23/50

Epoch: 49 TRAIN Loss: 0.04882, accuracy: 98.222, precision: 98.665, recall: 99.180 F1: 98.922, AUC: 0.965
Epoch: 49 VALID Loss: 0.20447, accuracy: 93.627, precision: 91.597, recall: 97.321 F1: 94.372, AUC: 0.932

epochs_no_improve: 24/50

Epoch: 50 TRAIN Loss: 0.04837, accuracy: 98.161, precision: 98.664, recall: 99.105 F1: 98.884, AUC: 0.964
Epoch: 50 VALID Loss: 0.20782, accuracy: 92.647, precision: 90.083, recall: 97.321 F1: 93.562, AUC: 0.921

epochs_no_improve: 25/50

Epoch: 51 TRAIN Loss: 0.04806, accuracy: 98.283, precision: 98.666, recall: 99.254 F1: 98.959, AUC: 0.965
Epoch: 51 VALID Loss: 0.20941, accuracy: 92.647, precision: 90.083, recall: 97.321 F1: 93.562, AUC: 0.921

epochs_no_improve: 26/50

Epoch: 52 TRAIN Loss: 0.04833, accuracy: 98.406, precision: 98.668, recall: 99.403 F1: 99.034, AUC: 0.966
Epoch: 52 VALID Loss: 0.21112, accuracy: 92.647, precision: 90.083, recall: 97.321 F1: 93.562, AUC: 0.921

epochs_no_improve: 27/50

Epoch: 53 TRAIN Loss: 0.04797, accuracy: 98.283, precision: 98.666, recall: 99.254 F1: 98.959, AUC: 0.965
Epoch: 53 VALID Loss: 0.20866, accuracy: 92.647, precision: 90.083, recall: 97.321 F1: 93.562, AUC: 0.921

epochs_no_improve: 28/50

Epoch: 54 TRAIN Loss: 0.04758, accuracy: 98.345, precision: 98.739, recall: 99.254 F1: 98.996, AUC: 0.967
Epoch: 54 VALID Loss: 0.21046, accuracy: 92.647, precision: 90.083, recall: 97.321 F1: 93.562, AUC: 0.921

epochs_no_improve: 29/50

Epoch: 55 TRAIN Loss: 0.04741, accuracy: 98.345, precision: 98.739, recall: 99.254 F1: 98.996, AUC: 0.967
Epoch: 55 VALID Loss: 0.20832, accuracy: 92.647, precision: 90.083, recall: 97.321 F1: 93.562, AUC: 0.921

epochs_no_improve: 30/50

Epoch: 56 TRAIN Loss: 0.04774, accuracy: 98.406, precision: 98.740, recall: 99.329 F1: 99.033, AUC: 0.967
Epoch: 56 VALID Loss: 0.21135, accuracy: 92.647, precision: 90.083, recall: 97.321 F1: 93.562, AUC: 0.921

epochs_no_improve: 31/50

Epoch: 57 TRAIN Loss: 0.04730, accuracy: 98.283, precision: 98.738, recall: 99.180 F1: 98.958, AUC: 0.967
Epoch: 57 VALID Loss: 0.20834, accuracy: 92.647, precision: 90.083, recall: 97.321 F1: 93.562, AUC: 0.921

epochs_no_improve: 32/50

Epoch: 58 TRAIN Loss: 0.04727, accuracy: 98.283, precision: 98.738, recall: 99.180 F1: 98.958, AUC: 0.967
Epoch: 58 VALID Loss: 0.21330, accuracy: 92.647, precision: 90.083, recall: 97.321 F1: 93.562, AUC: 0.921

epochs_no_improve: 33/50

Epoch: 59 TRAIN Loss: 0.04738, accuracy: 98.406, precision: 98.812, recall: 99.254 F1: 99.033, AUC: 0.969
Epoch: 59 VALID Loss: 0.20948, accuracy: 92.647, precision: 90.083, recall: 97.321 F1: 93.562, AUC: 0.921

epochs_no_improve: 34/50

Epoch: 60 TRAIN Loss: 0.04707, accuracy: 98.345, precision: 98.667, recall: 99.329 F1: 98.997, AUC: 0.966
Epoch: 60 VALID Loss: 0.21249, accuracy: 92.647, precision: 90.083, recall: 97.321 F1: 93.562, AUC: 0.921

epochs_no_improve: 35/50

Epoch: 61 TRAIN Loss: 0.04698, accuracy: 98.345, precision: 98.667, recall: 99.329 F1: 98.997, AUC: 0.966
Epoch: 61 VALID Loss: 0.21041, accuracy: 92.647, precision: 90.083, recall: 97.321 F1: 93.562, AUC: 0.921

epochs_no_improve: 36/50

Epoch: 62 TRAIN Loss: 0.04650, accuracy: 98.345, precision: 98.811, recall: 99.180 F1: 98.995, AUC: 0.968
Epoch: 62 VALID Loss: 0.20632, accuracy: 92.647, precision: 90.083, recall: 97.321 F1: 93.562, AUC: 0.921

epochs_no_improve: 37/50

Epoch: 63 TRAIN Loss: 0.04641, accuracy: 98.345, precision: 98.811, recall: 99.180 F1: 98.995, AUC: 0.968
Epoch: 63 VALID Loss: 0.21201, accuracy: 92.647, precision: 90.083, recall: 97.321 F1: 93.562, AUC: 0.921

epochs_no_improve: 38/50

Epoch: 64 TRAIN Loss: 0.04693, accuracy: 98.406, precision: 98.668, recall: 99.403 F1: 99.034, AUC: 0.966
Epoch: 64 VALID Loss: 0.21647, accuracy: 92.647, precision: 90.083, recall: 97.321 F1: 93.562, AUC: 0.921

epochs_no_improve: 39/50

Epoch: 65 TRAIN Loss: 0.04630, accuracy: 98.406, precision: 98.740, recall: 99.329 F1: 99.033, AUC: 0.967
Epoch: 65 VALID Loss: 0.21151, accuracy: 92.647, precision: 90.083, recall: 97.321 F1: 93.562, AUC: 0.921

epochs_no_improve: 40/50

Epoch: 66 TRAIN Loss: 0.04611, accuracy: 98.345, precision: 98.739, recall: 99.254 F1: 98.996, AUC: 0.967
Epoch: 66 VALID Loss: 0.21241, accuracy: 92.647, precision: 90.083, recall: 97.321 F1: 93.562, AUC: 0.921

epochs_no_improve: 41/50

Epoch: 67 TRAIN Loss: 0.04603, accuracy: 98.345, precision: 98.739, recall: 99.254 F1: 98.996, AUC: 0.967
Epoch: 67 VALID Loss: 0.21339, accuracy: 92.647, precision: 90.083, recall: 97.321 F1: 93.562, AUC: 0.921

epochs_no_improve: 42/50

Epoch: 68 TRAIN Loss: 0.04672, accuracy: 98.467, precision: 98.669, recall: 99.478 F1: 99.072, AUC: 0.966
Epoch: 68 VALID Loss: 0.21674, accuracy: 92.157, precision: 89.344, recall: 97.321 F1: 93.162, AUC: 0.916

epochs_no_improve: 43/50

Epoch: 69 TRAIN Loss: 0.04631, accuracy: 98.345, precision: 98.884, recall: 99.105 F1: 98.994, AUC: 0.970
Epoch: 69 VALID Loss: 0.20586, accuracy: 92.647, precision: 90.083, recall: 97.321 F1: 93.562, AUC: 0.921

epochs_no_improve: 44/50

Epoch: 70 TRAIN Loss: 0.04606, accuracy: 98.345, precision: 98.739, recall: 99.254 F1: 98.996, AUC: 0.967
Epoch: 70 VALID Loss: 0.21632, accuracy: 92.157, precision: 89.344, recall: 97.321 F1: 93.162, AUC: 0.916

epochs_no_improve: 45/50

Epoch: 71 TRAIN Loss: 0.04573, accuracy: 98.406, precision: 98.812, recall: 99.254 F1: 99.033, AUC: 0.969
Epoch: 71 VALID Loss: 0.21356, accuracy: 92.647, precision: 90.083, recall: 97.321 F1: 93.562, AUC: 0.921

epochs_no_improve: 46/50

Epoch: 72 TRAIN Loss: 0.04558, accuracy: 98.406, precision: 98.812, recall: 99.254 F1: 99.033, AUC: 0.969
Epoch: 72 VALID Loss: 0.21194, accuracy: 92.647, precision: 90.083, recall: 97.321 F1: 93.562, AUC: 0.921

epochs_no_improve: 47/50

Epoch: 73 TRAIN Loss: 0.04542, accuracy: 98.467, precision: 98.886, recall: 99.254 F1: 99.070, AUC: 0.970
Epoch: 73 VALID Loss: 0.21187, accuracy: 92.647, precision: 90.083, recall: 97.321 F1: 93.562, AUC: 0.921

epochs_no_improve: 48/50

Epoch: 74 TRAIN Loss: 0.04545, accuracy: 98.467, precision: 98.886, recall: 99.254 F1: 99.070, AUC: 0.970
Epoch: 74 VALID Loss: 0.21730, accuracy: 93.137, precision: 90.164, recall: 98.214 F1: 94.017, AUC: 0.926

epochs_no_improve: 49/50

Epoch: 75 TRAIN Loss: 0.04572, accuracy: 98.467, precision: 98.813, recall: 99.329 F1: 99.070, AUC: 0.969
Epoch: 75 VALID Loss: 0.21709, accuracy: 92.647, precision: 90.083, recall: 97.321 F1: 93.562, AUC: 0.921

epochs_no_improve: 50/50

Early stopping!
Save model from last epoch

BEST
TEST - Loss: 0.99816, accuracy: 64.706, precision: 61.438, recall: 87.850 F1: 72.308, AUC: 0.635
mean and std over 3 runs
mean: 65.359, std: 0.924 - accuracy [64.70588235 66.66666667 64.70588235]
mean: 61.938, std: 0.815 - precision [61.29032258 63.08724832 61.4379085 ]
mean: 88.162, std: 0.441 - recall [88.78504673 87.85046729 87.85046729]
mean: 72.755, std: 0.490 - F1 [72.51908397 73.4375     72.30769231]
mean: 0.642, std: 0.010 - AUC [0.63464688 0.65574718 0.63512863]

DELETE: ../experiments/BBBP/default_scaffold_4/repeat_3/default_scaffold_4_best.pt

LAST
TEST - Loss: 1.46180, accuracy: 63.235, precision: 60.127, recall: 88.785 F1: 71.698, AUC: 0.619
mean and std over 3 runs
mean: 63.072, std: 0.611 - accuracy [62.25490196 63.7254902  63.23529412]
mean: 60.004, std: 0.471 - precision [59.375      60.50955414 60.12658228]
mean: 88.785, std: 0.000 - recall [88.78504673 88.78504673 88.78504673]
mean: 71.610, std: 0.336 - F1 [71.16104869 71.96969697 71.69811321]
mean: 0.617, std: 0.006 - AUC [0.60887369 0.6243376  0.61918297]

DELETE: ../experiments/BBBP/default_scaffold_4/repeat_3/default_scaffold_4_last.pt
